Using pre-set license
Built from '2022.3/staging' branch; Version is '2022.3.11f1 (d00248457e15) revision 13632072'; Using compiler version '192829333'; Build Type 'Release'
OS: 'Windows 11  (10.0.22621) 64bit Core' Language: 'en' Physical Memory: 16297 MB
BatchMode: 1, IsHumanControllingUs: 0, StartBugReporterOnCrash: 0, Is64bit: 1, IsPro: 1

COMMAND LINE ARGUMENTS:
D:\Unity\2022.3.11f1\Editor\Unity.exe
-adb2
-batchMode
-noUpm
-name
AssetImportWorker0
-projectPath
D:/Github/CS583-Final/CS583 Final
-logFile
Logs/AssetImportWorker0.log
-srvPort
62957
Successfully changed project path to: D:/Github/CS583-Final/CS583 Final
D:/Github/CS583-Final/CS583 Final
[UnityMemory] Configuration Parameters - Can be set up in boot.config
    "memorysetup-bucket-allocator-granularity=16"
    "memorysetup-bucket-allocator-bucket-count=8"
    "memorysetup-bucket-allocator-block-size=33554432"
    "memorysetup-bucket-allocator-block-count=8"
    "memorysetup-main-allocator-block-size=16777216"
    "memorysetup-thread-allocator-block-size=16777216"
    "memorysetup-gfx-main-allocator-block-size=16777216"
    "memorysetup-gfx-thread-allocator-block-size=16777216"
    "memorysetup-cache-allocator-block-size=4194304"
    "memorysetup-typetree-allocator-block-size=2097152"
    "memorysetup-profiler-bucket-allocator-granularity=16"
    "memorysetup-profiler-bucket-allocator-bucket-count=8"
    "memorysetup-profiler-bucket-allocator-block-size=33554432"
    "memorysetup-profiler-bucket-allocator-block-count=8"
    "memorysetup-profiler-allocator-block-size=16777216"
    "memorysetup-profiler-editor-allocator-block-size=1048576"
    "memorysetup-temp-allocator-size-main=16777216"
    "memorysetup-job-temp-allocator-block-size=2097152"
    "memorysetup-job-temp-allocator-block-size-background=1048576"
    "memorysetup-job-temp-allocator-reduction-small-platforms=262144"
    "memorysetup-allocator-temp-initial-block-size-main=262144"
    "memorysetup-allocator-temp-initial-block-size-worker=262144"
    "memorysetup-temp-allocator-size-background-worker=32768"
    "memorysetup-temp-allocator-size-job-worker=262144"
    "memorysetup-temp-allocator-size-preload-manager=33554432"
    "memorysetup-temp-allocator-size-nav-mesh-worker=65536"
    "memorysetup-temp-allocator-size-audio-worker=65536"
    "memorysetup-temp-allocator-size-cloud-worker=32768"
    "memorysetup-temp-allocator-size-gi-baking-worker=262144"
    "memorysetup-temp-allocator-size-gfx=262144"
Player connection [25320] Host "[IP] 10.100.80.240 [Port] 0 [Flags] 2 [Guid] 1772802945 [EditorId] 1772802945 [Version] 1048832 [Id] WindowsEditor(7,SammyScared) [Debug] 1 [PackageName] WindowsEditor [ProjectName] Editor" joined multi-casting on [225.0.0.222:54997]...

Player connection [25320] Host "[IP] 10.100.80.240 [Port] 0 [Flags] 2 [Guid] 1772802945 [EditorId] 1772802945 [Version] 1048832 [Id] WindowsEditor(7,SammyScared) [Debug] 1 [PackageName] WindowsEditor [ProjectName] Editor" joined alternative multi-casting on [225.0.0.222:34997]...

[Physics::Module] Initialized MultithreadedJobDispatcher with 23 workers.
Refreshing native plugins compatible for Editor in 8.15 ms, found 3 plugins.
Preloading 0 native plugins for Editor in 0.00 ms.
Initialize engine version: 2022.3.11f1 (d00248457e15)
[Subsystems] Discovering subsystems at path D:/Unity/2022.3.11f1/Editor/Data/Resources/UnitySubsystems
[Subsystems] Discovering subsystems at path D:/Github/CS583-Final/CS583 Final/Assets
GfxDevice: creating device client; threaded=0; jobified=0
Direct3D:
    Version:  Direct3D 11.0 [level 11.1]
    Renderer: NVIDIA GeForce RTX 2070 (ID=0x1f02)
    Vendor:   NVIDIA
    VRAM:     8019 MB
    Driver:   31.0.15.3699
Initialize mono
Mono path[0] = 'D:/Unity/2022.3.11f1/Editor/Data/Managed'
Mono path[1] = 'D:/Unity/2022.3.11f1/Editor/Data/MonoBleedingEdge/lib/mono/unityjit-win32'
Mono config path = 'D:/Unity/2022.3.11f1/Editor/Data/MonoBleedingEdge/etc'
Using monoOptions --debugger-agent=transport=dt_socket,embedding=1,server=y,suspend=n,address=127.0.0.1:56356
Begin MonoManager ReloadAssembly
Registering precompiled unity dll's ...
Register platform support module: D:/Unity/2022.3.11f1/Editor/Data/PlaybackEngines/WindowsStandaloneSupport/UnityEditor.WindowsStandalone.Extensions.dll
Registered in 0.003507 seconds.
- Loaded All Assemblies, in  0.346 seconds
Native extension for WindowsStandalone target not found
Mono: successfully reloaded assembly
- Finished resetting the current domain, in  0.235 seconds
Domain Reload Profiling: 581ms
	BeginReloadAssembly (119ms)
		ExecutionOrderSort (0ms)
		DisableScriptedObjects (0ms)
		BackupInstance (0ms)
		ReleaseScriptingObjects (0ms)
		CreateAndSetChildDomain (1ms)
	RebuildCommonClasses (33ms)
	RebuildNativeTypeToScriptingClass (9ms)
	initialDomainReloadingComplete (46ms)
	LoadAllAssembliesAndSetupDomain (139ms)
		LoadAssemblies (119ms)
		RebuildTransferFunctionScriptingTraits (0ms)
		AnalyzeDomain (137ms)
			TypeCache.Refresh (135ms)
				TypeCache.ScanAssembly (119ms)
			ScanForSourceGeneratedMonoScriptInfo (1ms)
			ResolveRequiredComponents (1ms)
	FinalizeReload (235ms)
		ReleaseScriptCaches (0ms)
		RebuildScriptCaches (0ms)
		SetupLoadedEditorAssemblies (181ms)
			LogAssemblyErrors (0ms)
			InitializePlatformSupportModulesInManaged (6ms)
			SetLoadedEditorAssemblies (7ms)
			RefreshPlugins (0ms)
			BeforeProcessingInitializeOnLoad (2ms)
			ProcessInitializeOnLoadAttributes (121ms)
			ProcessInitializeOnLoadMethodAttributes (45ms)
			AfterProcessingInitializeOnLoad (0ms)
			EditorAssembliesLoaded (0ms)
		ExecutionOrderSort2 (0ms)
		AwakeInstancesAfterBackupRestoration (0ms)
========================================================================
Worker process is ready to serve import requests
Begin MonoManager ReloadAssembly
- Loaded All Assemblies, in  0.600 seconds
Refreshing native plugins compatible for Editor in 2.87 ms, found 3 plugins.
Native extension for WindowsStandalone target not found
Package Manager log level set to [2]
[Package Manager] Server::EnsureServerProcessIsRunning -- launch failed, reason: Unity was launched with the -noUpm command-line argument
[Package Manager] UpmClient::Send -- Unable to send message (not connected to UPM process).
[Package Manager] Cannot connect to Unity Package Manager local server
Mono: successfully reloaded assembly
- Finished resetting the current domain, in  0.505 seconds
Domain Reload Profiling: 1105ms
	BeginReloadAssembly (164ms)
		ExecutionOrderSort (0ms)
		DisableScriptedObjects (5ms)
		BackupInstance (0ms)
		ReleaseScriptingObjects (0ms)
		CreateAndSetChildDomain (27ms)
	RebuildCommonClasses (35ms)
	RebuildNativeTypeToScriptingClass (9ms)
	initialDomainReloadingComplete (38ms)
	LoadAllAssembliesAndSetupDomain (354ms)
		LoadAssemblies (298ms)
		RebuildTransferFunctionScriptingTraits (0ms)
		AnalyzeDomain (152ms)
			TypeCache.Refresh (135ms)
				TypeCache.ScanAssembly (123ms)
			ScanForSourceGeneratedMonoScriptInfo (13ms)
			ResolveRequiredComponents (3ms)
	FinalizeReload (505ms)
		ReleaseScriptCaches (0ms)
		RebuildScriptCaches (0ms)
		SetupLoadedEditorAssemblies (371ms)
			LogAssemblyErrors (0ms)
			InitializePlatformSupportModulesInManaged (4ms)
			SetLoadedEditorAssemblies (2ms)
			RefreshPlugins (0ms)
			BeforeProcessingInitializeOnLoad (47ms)
			ProcessInitializeOnLoadAttributes (295ms)
			ProcessInitializeOnLoadMethodAttributes (21ms)
			AfterProcessingInitializeOnLoad (2ms)
			EditorAssembliesLoaded (0ms)
		ExecutionOrderSort2 (0ms)
		AwakeInstancesAfterBackupRestoration (8ms)
Launched and connected shader compiler UnityShaderCompiler.exe after 0.07 seconds
Refreshing native plugins compatible for Editor in 3.49 ms, found 3 plugins.
Preloading 0 native plugins for Editor in 0.00 ms.
Unloading 3093 Unused Serialized files (Serialized files now loaded: 0)
Unloading 32 unused Assets / (56.9 KB). Loaded Objects now: 3555.
Memory consumption went from 121.8 MB to 121.7 MB.
Total: 3.245800 ms (FindLiveObjects: 0.409400 ms CreateObjectMapping: 0.086400 ms MarkObjects: 2.629500 ms  DeleteObjects: 0.119800 ms)

AssetImportParameters requested are different than current active one (requested -> active):
  custom:container-demuxer-ogg: 62fdf1f143b41e24485cea50d1cbac27 -> 
  custom:video-decoder-ogg-theora: a1e56fd34408186e4bbccfd4996cb3dc -> 
  custom:framework-win-MediaFoundation: 216162199b28c13a410421893ffa2e32 -> 
  custom:CustomObjectIndexerAttribute: 756ad292c208cfabdd7b50bc23989ffe -> 
  custom:container-demuxer-webm: 4f35f7cbe854078d1ac9338744f61a02 -> 
  custom:container-muxer-webm: aa71ff27fc2769a1b78a27578f13a17b -> 
  custom:video-decoder-webm-vp8: 9c59270c3fd7afecdb556c50c9e8de78 -> 
  custom:SearchIndexIgnoredProperties: e643bd26f0fe6173181afceb89e7c659 -> 
  custom:AudioImporter_EditorPlatform: d09bf68614088b80899f8185d706f6e7 -> 
  custom:video-encoder-webm-vp8: eb34c28f22e8b96e1ab97ce403110664 -> 
  custom:audio-decoder-ogg-vorbis: bf7c407c2cedff20999df2af8eb42d56 -> 
  custom:audio-encoder-webm-vorbis: bf7c407c2cedff20999df2af8eb42d56 -> 
========================================================================
Received Import Request.
  Time since last request: 12654.663504 seconds.
  path: Assets/Scipts/ChessGameController.cs
  artifactKey: Guid(69285694c1912c343934e339e9b8a717) Importer(815301076,1909f56bfc062723c751e8b465ee728b)
Start importing Assets/Scipts/ChessGameController.cs using Guid(69285694c1912c343934e339e9b8a717) Importer(815301076,1909f56bfc062723c751e8b465ee728b)  -> (artifact id: 'a82ae3c62091c7668a01049b94e7690d') in 0.002669 seconds
Number of updated asset objects reloaded before import = 0
Number of asset objects unloaded after import = 0
========================================================================
Received Import Request.
  Time since last request: 884.076090 seconds.
  path: Assets/Scipts/Piece.cs
  artifactKey: Guid(afe060aedc41c9b4892a5f89653200ad) Importer(815301076,1909f56bfc062723c751e8b465ee728b)
Start importing Assets/Scipts/Piece.cs using Guid(afe060aedc41c9b4892a5f89653200ad) Importer(815301076,1909f56bfc062723c751e8b465ee728b)  -> (artifact id: '2ebf41c6006b151d67d52ae96aa46f45') in 0.000582 seconds
Number of updated asset objects reloaded before import = 0
Number of asset objects unloaded after import = 0
========================================================================
Received Import Request.
  Time since last request: 766.608151 seconds.
  path: Assets/Scipts/Piece.cs
  artifactKey: Guid(afe060aedc41c9b4892a5f89653200ad) Importer(815301076,1909f56bfc062723c751e8b465ee728b)
Start importing Assets/Scipts/Piece.cs using Guid(afe060aedc41c9b4892a5f89653200ad) Importer(815301076,1909f56bfc062723c751e8b465ee728b)  -> (artifact id: '0ab8a63dccd41358db7a615ce9aee98e') in 0.000544 seconds
Number of updated asset objects reloaded before import = 0
Number of asset objects unloaded after import = 0
========================================================================
Received Import Request.
  Time since last request: 83.707621 seconds.
  path: Assets/Scipts/Piece.cs
  artifactKey: Guid(afe060aedc41c9b4892a5f89653200ad) Importer(815301076,1909f56bfc062723c751e8b465ee728b)
Start importing Assets/Scipts/Piece.cs using Guid(afe060aedc41c9b4892a5f89653200ad) Importer(815301076,1909f56bfc062723c751e8b465ee728b)  -> (artifact id: '7f88fcae9a9d4d45725cee752c9c99bb') in 0.000495 seconds
Number of updated asset objects reloaded before import = 0
Number of asset objects unloaded after import = 0
========================================================================
Received Import Request.
  Time since last request: 11.142092 seconds.
  path: Assets/Scipts/MaterialSetter.cs
  artifactKey: Guid(833c62b85968954489b67423b632524d) Importer(815301076,1909f56bfc062723c751e8b465ee728b)
Start importing Assets/Scipts/MaterialSetter.cs using Guid(833c62b85968954489b67423b632524d) Importer(815301076,1909f56bfc062723c751e8b465ee728b)  -> (artifact id: 'ffd46692a9edb8b6ccc1be9b4f72a769') in 0.000423 seconds
Number of updated asset objects reloaded before import = 0
Number of asset objects unloaded after import = 0
========================================================================
Received Import Request.
  Time since last request: 159.785464 seconds.
  path: Assets/Scipts/MaterialSetter.cs
  artifactKey: Guid(833c62b85968954489b67423b632524d) Importer(815301076,1909f56bfc062723c751e8b465ee728b)
Start importing Assets/Scipts/MaterialSetter.cs using Guid(833c62b85968954489b67423b632524d) Importer(815301076,1909f56bfc062723c751e8b465ee728b)  -> (artifact id: '8767156c10aa1f9a13c47fa7798b373f') in 0.000500 seconds
Number of updated asset objects reloaded before import = 0
Number of asset objects unloaded after import = 0
========================================================================
Received Import Request.
  Time since last request: 187.386986 seconds.
  path: Assets/Scipts/Board.cs
  artifactKey: Guid(ac41845b08961944c859b46c04f55db3) Importer(815301076,1909f56bfc062723c751e8b465ee728b)
Start importing Assets/Scipts/Board.cs using Guid(ac41845b08961944c859b46c04f55db3) Importer(815301076,1909f56bfc062723c751e8b465ee728b)  -> (artifact id: '22b1dae95801409720ff6b2ce14c4ed7') in 0.000518 seconds
Number of updated asset objects reloaded before import = 0
Number of asset objects unloaded after import = 0
========================================================================
Received Import Request.
  Time since last request: 118.680052 seconds.
  path: Assets/Scipts/Tweeners
  artifactKey: Guid(71beac73c0c070c4292cfff0b20f54e6) Importer(815301076,1909f56bfc062723c751e8b465ee728b)
Start importing Assets/Scipts/Tweeners using Guid(71beac73c0c070c4292cfff0b20f54e6) Importer(815301076,1909f56bfc062723c751e8b465ee728b)  -> (artifact id: '6c560547c3f016531b6abcf76553f5c9') in 0.000660 seconds
Number of updated asset objects reloaded before import = 0
Number of asset objects unloaded after import = 0
========================================================================
Received Import Request.
  Time since last request: 26.166962 seconds.
  path: Assets/Scipts/Tweeners/ArcTweener.cs
  artifactKey: Guid(2f1fd9f8482db814a9d3886026790692) Importer(815301076,1909f56bfc062723c751e8b465ee728b)
Start importing Assets/Scipts/Tweeners/ArcTweener.cs using Guid(2f1fd9f8482db814a9d3886026790692) Importer(815301076,1909f56bfc062723c751e8b465ee728b)  -> (artifact id: 'cceed1ad1ee54c464ee534c43c08efc7') in 0.000470 seconds
Number of updated asset objects reloaded before import = 0
Number of asset objects unloaded after import = 0
========================================================================
Received Import Request.
  Time since last request: 21.409436 seconds.
  path: Assets/Scipts/Tweeners/IObjectTweener.cs
  artifactKey: Guid(001161435afc16e4ba7229aa0deb850f) Importer(815301076,1909f56bfc062723c751e8b465ee728b)
Start importing Assets/Scipts/Tweeners/IObjectTweener.cs using Guid(001161435afc16e4ba7229aa0deb850f) Importer(815301076,1909f56bfc062723c751e8b465ee728b)  -> (artifact id: '95a06971ab85790748486e160716b3a0') in 0.000461 seconds
Number of updated asset objects reloaded before import = 0
Number of asset objects unloaded after import = 0
========================================================================
Received Import Request.
  Time since last request: 9.475661 seconds.
  path: Assets/Scipts/Tweeners/InstantTweener.cs
  artifactKey: Guid(ebf9035d2f21c794988eb8f5df286022) Importer(815301076,1909f56bfc062723c751e8b465ee728b)
Start importing Assets/Scipts/Tweeners/InstantTweener.cs using Guid(ebf9035d2f21c794988eb8f5df286022) Importer(815301076,1909f56bfc062723c751e8b465ee728b)  -> (artifact id: '87ec360b0633958e497b2131e0b35656') in 0.000432 seconds
Number of updated asset objects reloaded before import = 0
Number of asset objects unloaded after import = 0
========================================================================
Received Import Request.
  Time since last request: 6.583616 seconds.
  path: Assets/Scipts/Tweeners/LineTweener.cs
  artifactKey: Guid(fa95df6aaecb7334089395abbf26bf72) Importer(815301076,1909f56bfc062723c751e8b465ee728b)
Start importing Assets/Scipts/Tweeners/LineTweener.cs using Guid(fa95df6aaecb7334089395abbf26bf72) Importer(815301076,1909f56bfc062723c751e8b465ee728b)  -> (artifact id: 'c4154f7fb9b45fd001b1ec8a2beb72b3') in 0.000393 seconds
Number of updated asset objects reloaded before import = 0
Number of asset objects unloaded after import = 0
========================================================================
Received Import Request.
  Time since last request: 10.817451 seconds.
  path: Assets/Data/Starting Board Layout.asset
  artifactKey: Guid(dbfc27defadae854596c268443b90e22) Importer(815301076,1909f56bfc062723c751e8b465ee728b)
Start importing Assets/Data/Starting Board Layout.asset using Guid(dbfc27defadae854596c268443b90e22) Importer(815301076,1909f56bfc062723c751e8b465ee728b)  -> (artifact id: 'e83fc05816219a0dd5f36d990b9d96fa') in 0.009784 seconds
Number of updated asset objects reloaded before import = 0
Number of asset objects unloaded after import = 1
========================================================================
Received Import Request.
  Time since last request: 20.633923 seconds.
  path: Assets/Scipts/BoardLayout.cs
  artifactKey: Guid(43ebb3fdb07880a4483a4facde4b3137) Importer(815301076,1909f56bfc062723c751e8b465ee728b)
Start importing Assets/Scipts/BoardLayout.cs using Guid(43ebb3fdb07880a4483a4facde4b3137) Importer(815301076,1909f56bfc062723c751e8b465ee728b)  -> (artifact id: '8c1e432682b38629d98ee3e147cd9687') in 0.000393 seconds
Number of updated asset objects reloaded before import = 0
Number of asset objects unloaded after import = 0
========================================================================
Received Import Request.
  Time since last request: 0.423967 seconds.
  path: Assets/Scipts/ChessGameController.cs
  artifactKey: Guid(69285694c1912c343934e339e9b8a717) Importer(815301076,1909f56bfc062723c751e8b465ee728b)
Start importing Assets/Scipts/ChessGameController.cs using Guid(69285694c1912c343934e339e9b8a717) Importer(815301076,1909f56bfc062723c751e8b465ee728b)  -> (artifact id: '3e138bd5b7281cdeaee7727deaa7d70e') in 0.000389 seconds
Number of updated asset objects reloaded before import = 0
Number of asset objects unloaded after import = 0
========================================================================
Received Import Request.
  Time since last request: 31.765209 seconds.
  path: Assets/Scipts/Board.cs
  artifactKey: Guid(ac41845b08961944c859b46c04f55db3) Importer(815301076,1909f56bfc062723c751e8b465ee728b)
Start importing Assets/Scipts/Board.cs using Guid(ac41845b08961944c859b46c04f55db3) Importer(815301076,1909f56bfc062723c751e8b465ee728b)  -> (artifact id: 'e98ed05e04e94a833fa4318ead03b7e3') in 0.000416 seconds
Number of updated asset objects reloaded before import = 0
Number of asset objects unloaded after import = 0
========================================================================
Received Import Request.
  Time since last request: 126.010253 seconds.
  path: Assets/Scipts/SquareSelectorCreator.cs
  artifactKey: Guid(626bac6ef0b5e664c936fc7e65f6dc68) Importer(815301076,1909f56bfc062723c751e8b465ee728b)
Start importing Assets/Scipts/SquareSelectorCreator.cs using Guid(626bac6ef0b5e664c936fc7e65f6dc68) Importer(815301076,1909f56bfc062723c751e8b465ee728b)  -> (artifact id: 'a42eed0d7297a11ed265617b22122168') in 0.000378 seconds
Number of updated asset objects reloaded before import = 0
Number of asset objects unloaded after import = 0
========================================================================
Received Prepare
Begin MonoManager ReloadAssembly
- Loaded All Assemblies, in  1.099 seconds
Refreshing native plugins compatible for Editor in 2.57 ms, found 3 plugins.
Native extension for WindowsStandalone target not found
[Package Manager] Server::EnsureServerProcessIsRunning -- launch failed, reason: Unity was launched with the -noUpm command-line argument
[Package Manager] UpmClient::Send -- Unable to send message (not connected to UPM process).
[Package Manager] Cannot connect to Unity Package Manager local server
Mono: successfully reloaded assembly
- Finished resetting the current domain, in  3.649 seconds
Domain Reload Profiling: 4748ms
	BeginReloadAssembly (190ms)
		ExecutionOrderSort (0ms)
		DisableScriptedObjects (6ms)
		BackupInstance (0ms)
		ReleaseScriptingObjects (0ms)
		CreateAndSetChildDomain (60ms)
	RebuildCommonClasses (30ms)
	RebuildNativeTypeToScriptingClass (11ms)
	initialDomainReloadingComplete (23ms)
	LoadAllAssembliesAndSetupDomain (845ms)
		LoadAssemblies (921ms)
		RebuildTransferFunctionScriptingTraits (0ms)
		AnalyzeDomain (18ms)
			TypeCache.Refresh (7ms)
				TypeCache.ScanAssembly (0ms)
			ScanForSourceGeneratedMonoScriptInfo (6ms)
			ResolveRequiredComponents (4ms)
	FinalizeReload (3649ms)
		ReleaseScriptCaches (0ms)
		RebuildScriptCaches (0ms)
		SetupLoadedEditorAssemblies (292ms)
			LogAssemblyErrors (0ms)
			InitializePlatformSupportModulesInManaged (4ms)
			SetLoadedEditorAssemblies (3ms)
			RefreshPlugins (0ms)
			BeforeProcessingInitializeOnLoad (42ms)
			ProcessInitializeOnLoadAttributes (225ms)
			ProcessInitializeOnLoadMethodAttributes (16ms)
			AfterProcessingInitializeOnLoad (2ms)
			EditorAssembliesLoaded (0ms)
		ExecutionOrderSort2 (0ms)
		AwakeInstancesAfterBackupRestoration (8ms)
Refreshing native plugins compatible for Editor in 2.97 ms, found 3 plugins.
Preloading 0 native plugins for Editor in 0.00 ms.
Unloading 3092 Unused Serialized files (Serialized files now loaded: 0)
Unloading 23 unused Assets / (31.0 KB). Loaded Objects now: 3566.
Memory consumption went from 122.7 MB to 122.7 MB.
Total: 3.008500 ms (FindLiveObjects: 0.222700 ms CreateObjectMapping: 0.152600 ms MarkObjects: 2.578600 ms  DeleteObjects: 0.053600 ms)

Prepare: number of updated asset objects reloaded= 0
AssetImportParameters requested are different than current active one (requested -> active):
  custom:container-demuxer-ogg: 62fdf1f143b41e24485cea50d1cbac27 -> 
  custom:video-decoder-ogg-theora: a1e56fd34408186e4bbccfd4996cb3dc -> 
  custom:framework-win-MediaFoundation: 216162199b28c13a410421893ffa2e32 -> 
  custom:CustomObjectIndexerAttribute: 756ad292c208cfabdd7b50bc23989ffe -> 
  custom:container-demuxer-webm: 4f35f7cbe854078d1ac9338744f61a02 -> 
  custom:container-muxer-webm: aa71ff27fc2769a1b78a27578f13a17b -> 
  custom:video-decoder-webm-vp8: 9c59270c3fd7afecdb556c50c9e8de78 -> 
  custom:SearchIndexIgnoredProperties: e643bd26f0fe6173181afceb89e7c659 -> 
  custom:AudioImporter_EditorPlatform: d09bf68614088b80899f8185d706f6e7 -> 
  custom:video-encoder-webm-vp8: eb34c28f22e8b96e1ab97ce403110664 -> 
  custom:audio-decoder-ogg-vorbis: bf7c407c2cedff20999df2af8eb42d56 -> 
  custom:audio-encoder-webm-vorbis: bf7c407c2cedff20999df2af8eb42d56 -> 
========================================================================
Received Import Request.
  Time since last request: 87.890953 seconds.
  path: Assets/Chess Game
  artifactKey: Guid(85fd0a39ac1590243aad55b189aabf92) Importer(815301076,1909f56bfc062723c751e8b465ee728b)
Start importing Assets/Chess Game using Guid(85fd0a39ac1590243aad55b189aabf92) Importer(815301076,1909f56bfc062723c751e8b465ee728b)  -> (artifact id: 'a3c0804b5e92fe0fdb258ea76da3f063') in 0.003149 seconds
Number of updated asset objects reloaded before import = 0
Number of asset objects unloaded after import = 0
========================================================================
Received Prepare
Begin MonoManager ReloadAssembly
- Loaded All Assemblies, in  0.367 seconds
Refreshing native plugins compatible for Editor in 2.58 ms, found 3 plugins.
Native extension for WindowsStandalone target not found
[Package Manager] Server::EnsureServerProcessIsRunning -- launch failed, reason: Unity was launched with the -noUpm command-line argument
[Package Manager] UpmClient::Send -- Unable to send message (not connected to UPM process).
[Package Manager] Cannot connect to Unity Package Manager local server
Mono: successfully reloaded assembly
- Finished resetting the current domain, in  0.731 seconds
Domain Reload Profiling: 1098ms
	BeginReloadAssembly (152ms)
		ExecutionOrderSort (0ms)
		DisableScriptedObjects (5ms)
		BackupInstance (0ms)
		ReleaseScriptingObjects (0ms)
		CreateAndSetChildDomain (32ms)
	RebuildCommonClasses (26ms)
	RebuildNativeTypeToScriptingClass (9ms)
	initialDomainReloadingComplete (20ms)
	LoadAllAssembliesAndSetupDomain (160ms)
		LoadAssemblies (231ms)
		RebuildTransferFunctionScriptingTraits (0ms)
		AnalyzeDomain (17ms)
			TypeCache.Refresh (7ms)
				TypeCache.ScanAssembly (0ms)
			ScanForSourceGeneratedMonoScriptInfo (5ms)
			ResolveRequiredComponents (3ms)
	FinalizeReload (731ms)
		ReleaseScriptCaches (0ms)
		RebuildScriptCaches (0ms)
		SetupLoadedEditorAssemblies (291ms)
			LogAssemblyErrors (0ms)
			InitializePlatformSupportModulesInManaged (4ms)
			SetLoadedEditorAssemblies (4ms)
			RefreshPlugins (0ms)
			BeforeProcessingInitializeOnLoad (48ms)
			ProcessInitializeOnLoadAttributes (218ms)
			ProcessInitializeOnLoadMethodAttributes (16ms)
			AfterProcessingInitializeOnLoad (2ms)
			EditorAssembliesLoaded (0ms)
		ExecutionOrderSort2 (0ms)
		AwakeInstancesAfterBackupRestoration (6ms)
Refreshing native plugins compatible for Editor in 2.64 ms, found 3 plugins.
Preloading 0 native plugins for Editor in 0.00 ms.
Unloading 3092 Unused Serialized files (Serialized files now loaded: 0)
Unloading 23 unused Assets / (31.0 KB). Loaded Objects now: 3569.
Memory consumption went from 124.7 MB to 124.6 MB.
Total: 2.386600 ms (FindLiveObjects: 0.202800 ms CreateObjectMapping: 0.074400 ms MarkObjects: 2.069900 ms  DeleteObjects: 0.038800 ms)

Prepare: number of updated asset objects reloaded= 0
AssetImportParameters requested are different than current active one (requested -> active):
  custom:container-demuxer-ogg: 62fdf1f143b41e24485cea50d1cbac27 -> 
  custom:video-decoder-ogg-theora: a1e56fd34408186e4bbccfd4996cb3dc -> 
  custom:framework-win-MediaFoundation: 216162199b28c13a410421893ffa2e32 -> 
  custom:CustomObjectIndexerAttribute: 756ad292c208cfabdd7b50bc23989ffe -> 
  custom:container-demuxer-webm: 4f35f7cbe854078d1ac9338744f61a02 -> 
  custom:container-muxer-webm: aa71ff27fc2769a1b78a27578f13a17b -> 
  custom:video-decoder-webm-vp8: 9c59270c3fd7afecdb556c50c9e8de78 -> 
  custom:SearchIndexIgnoredProperties: e643bd26f0fe6173181afceb89e7c659 -> 
  custom:AudioImporter_EditorPlatform: d09bf68614088b80899f8185d706f6e7 -> 
  custom:video-encoder-webm-vp8: eb34c28f22e8b96e1ab97ce403110664 -> 
  custom:audio-decoder-ogg-vorbis: bf7c407c2cedff20999df2af8eb42d56 -> 
  custom:audio-encoder-webm-vorbis: bf7c407c2cedff20999df2af8eb42d56 -> 
========================================================================
Received Import Request.
  Time since last request: 23.430830 seconds.
  path: Assets/Chess Game/Scipts/Input System
  artifactKey: Guid(c691c71d946d67041adf085d1f598864) Importer(815301076,1909f56bfc062723c751e8b465ee728b)
Start importing Assets/Chess Game/Scipts/Input System using Guid(c691c71d946d67041adf085d1f598864) Importer(815301076,1909f56bfc062723c751e8b465ee728b)  -> (artifact id: 'f4ff4baff43905cbb85880e5318bead7') in 0.001922 seconds
Number of updated asset objects reloaded before import = 0
Number of asset objects unloaded after import = 0
========================================================================
Received Import Request.
  Time since last request: 14.098203 seconds.
  path: Assets/Chess Game/Scipts/Enums
  artifactKey: Guid(ed9a3426bd3db6b4086c60f0593e1b7d) Importer(815301076,1909f56bfc062723c751e8b465ee728b)
Start importing Assets/Chess Game/Scipts/Enums using Guid(ed9a3426bd3db6b4086c60f0593e1b7d) Importer(815301076,1909f56bfc062723c751e8b465ee728b)  -> (artifact id: 'bff1d50ca645b0596a3b44ffe29efd38') in 0.000412 seconds
Number of updated asset objects reloaded before import = 0
Number of asset objects unloaded after import = 0
========================================================================
Received Prepare
Begin MonoManager ReloadAssembly
- Loaded All Assemblies, in  0.360 seconds
Refreshing native plugins compatible for Editor in 2.41 ms, found 3 plugins.
Native extension for WindowsStandalone target not found
[Package Manager] Server::EnsureServerProcessIsRunning -- launch failed, reason: Unity was launched with the -noUpm command-line argument
[Package Manager] UpmClient::Send -- Unable to send message (not connected to UPM process).
[Package Manager] Cannot connect to Unity Package Manager local server
Mono: successfully reloaded assembly
- Finished resetting the current domain, in  0.744 seconds
Domain Reload Profiling: 1104ms
	BeginReloadAssembly (151ms)
		ExecutionOrderSort (0ms)
		DisableScriptedObjects (5ms)
		BackupInstance (0ms)
		ReleaseScriptingObjects (0ms)
		CreateAndSetChildDomain (31ms)
	RebuildCommonClasses (26ms)
	RebuildNativeTypeToScriptingClass (8ms)
	initialDomainReloadingComplete (21ms)
	LoadAllAssembliesAndSetupDomain (153ms)
		LoadAssemblies (226ms)
		RebuildTransferFunctionScriptingTraits (0ms)
		AnalyzeDomain (17ms)
			TypeCache.Refresh (7ms)
				TypeCache.ScanAssembly (0ms)
			ScanForSourceGeneratedMonoScriptInfo (5ms)
			ResolveRequiredComponents (3ms)
	FinalizeReload (744ms)
		ReleaseScriptCaches (0ms)
		RebuildScriptCaches (0ms)
		SetupLoadedEditorAssemblies (294ms)
			LogAssemblyErrors (0ms)
			InitializePlatformSupportModulesInManaged (4ms)
			SetLoadedEditorAssemblies (4ms)
			RefreshPlugins (0ms)
			BeforeProcessingInitializeOnLoad (46ms)
			ProcessInitializeOnLoadAttributes (222ms)
			ProcessInitializeOnLoadMethodAttributes (16ms)
			AfterProcessingInitializeOnLoad (2ms)
			EditorAssembliesLoaded (0ms)
		ExecutionOrderSort2 (0ms)
		AwakeInstancesAfterBackupRestoration (6ms)
Refreshing native plugins compatible for Editor in 3.00 ms, found 3 plugins.
Preloading 0 native plugins for Editor in 0.00 ms.
Unloading 3092 Unused Serialized files (Serialized files now loaded: 0)
Unloading 23 unused Assets / (31.0 KB). Loaded Objects now: 3572.
Memory consumption went from 126.6 MB to 126.6 MB.
Total: 2.316100 ms (FindLiveObjects: 0.207100 ms CreateObjectMapping: 0.073100 ms MarkObjects: 1.997600 ms  DeleteObjects: 0.037700 ms)

Prepare: number of updated asset objects reloaded= 0
AssetImportParameters requested are different than current active one (requested -> active):
  custom:container-demuxer-ogg: 62fdf1f143b41e24485cea50d1cbac27 -> 
  custom:video-decoder-ogg-theora: a1e56fd34408186e4bbccfd4996cb3dc -> 
  custom:framework-win-MediaFoundation: 216162199b28c13a410421893ffa2e32 -> 
  custom:CustomObjectIndexerAttribute: 756ad292c208cfabdd7b50bc23989ffe -> 
  custom:container-demuxer-webm: 4f35f7cbe854078d1ac9338744f61a02 -> 
  custom:container-muxer-webm: aa71ff27fc2769a1b78a27578f13a17b -> 
  custom:video-decoder-webm-vp8: 9c59270c3fd7afecdb556c50c9e8de78 -> 
  custom:SearchIndexIgnoredProperties: e643bd26f0fe6173181afceb89e7c659 -> 
  custom:AudioImporter_EditorPlatform: d09bf68614088b80899f8185d706f6e7 -> 
  custom:video-encoder-webm-vp8: eb34c28f22e8b96e1ab97ce403110664 -> 
  custom:audio-decoder-ogg-vorbis: bf7c407c2cedff20999df2af8eb42d56 -> 
  custom:audio-encoder-webm-vorbis: bf7c407c2cedff20999df2af8eb42d56 -> 
========================================================================
Received Import Request.
  Time since last request: 53.316924 seconds.
  path: Assets/New Folder
  artifactKey: Guid(e55023599b50f6e48a27e93247225239) Importer(815301076,1909f56bfc062723c751e8b465ee728b)
Start importing Assets/New Folder using Guid(e55023599b50f6e48a27e93247225239) Importer(815301076,1909f56bfc062723c751e8b465ee728b)  -> (artifact id: 'f242f5d42e23c4c3119f09cb698a6c61') in 0.002285 seconds
Number of updated asset objects reloaded before import = 0
Number of asset objects unloaded after import = 0
========================================================================
Received Import Request.
  Time since last request: 13.397039 seconds.
  path: Assets/Material
  artifactKey: Guid(e55023599b50f6e48a27e93247225239) Importer(815301076,1909f56bfc062723c751e8b465ee728b)
Start importing Assets/Material using Guid(e55023599b50f6e48a27e93247225239) Importer(815301076,1909f56bfc062723c751e8b465ee728b)  -> (artifact id: '44000c0174b8ef89ca38862e0a41e68a') in 0.000470 seconds
Number of updated asset objects reloaded before import = 0
Number of asset objects unloaded after import = 0
========================================================================
Received Import Request.
  Time since last request: 3.846811 seconds.
  path: Assets/Material/New Material.mat
  artifactKey: Guid(efb1faff81ecec749b1619810599b668) Importer(815301076,1909f56bfc062723c751e8b465ee728b)
Start importing Assets/Material/New Material.mat using Guid(efb1faff81ecec749b1619810599b668) Importer(815301076,1909f56bfc062723c751e8b465ee728b)  -> (artifact id: '836b4b858c666fb53f8270cb9603a217') in 0.194347 seconds
Number of updated asset objects reloaded before import = 0
Number of asset objects unloaded after import = 1
========================================================================
Received Import Request.
  Time since last request: 16.858292 seconds.
  path: Assets/Material/White COlor.mat
  artifactKey: Guid(efb1faff81ecec749b1619810599b668) Importer(815301076,1909f56bfc062723c751e8b465ee728b)
Start importing Assets/Material/White COlor.mat using Guid(efb1faff81ecec749b1619810599b668) Importer(815301076,1909f56bfc062723c751e8b465ee728b)  -> (artifact id: 'b8d62db2d08f3fd5c7bb254d0050474f') in 0.010658 seconds
Number of updated asset objects reloaded before import = 0
Number of asset objects unloaded after import = 1
========================================================================
Received Import Request.
  Time since last request: 4.896105 seconds.
  path: Assets/Material/White Color.mat
  artifactKey: Guid(efb1faff81ecec749b1619810599b668) Importer(815301076,1909f56bfc062723c751e8b465ee728b)
Start importing Assets/Material/White Color.mat using Guid(efb1faff81ecec749b1619810599b668) Importer(815301076,1909f56bfc062723c751e8b465ee728b)  -> (artifact id: '9dc6e1a44a94f47b00d8e87ea58152d0') in 0.010148 seconds
Number of updated asset objects reloaded before import = 0
Number of asset objects unloaded after import = 1
========================================================================
Received Import Request.
  Time since last request: 21.789458 seconds.
  path: Assets/Material/Black Color.mat
  artifactKey: Guid(c615b24c6a718bb4a9a2c4fca993d14c) Importer(815301076,1909f56bfc062723c751e8b465ee728b)
Start importing Assets/Material/Black Color.mat using Guid(c615b24c6a718bb4a9a2c4fca993d14c) Importer(815301076,1909f56bfc062723c751e8b465ee728b)  -> (artifact id: '1cb2180bf30115e1d75ff3083b12fd5d') in 0.010073 seconds
Number of updated asset objects reloaded before import = 0
Number of asset objects unloaded after import = 1
========================================================================
Received Import Request.
  Time since last request: 268.961047 seconds.
  path: Assets/AssetsDownloaded
  artifactKey: Guid(cb09e2201102ce747b629188e12b8d03) Importer(815301076,1909f56bfc062723c751e8b465ee728b)
Start importing Assets/AssetsDownloaded using Guid(cb09e2201102ce747b629188e12b8d03) Importer(815301076,1909f56bfc062723c751e8b465ee728b)  -> (artifact id: '0b0256e570098340f2f09d40ceebdff9') in 0.000484 seconds
Number of updated asset objects reloaded before import = 0
Number of asset objects unloaded after import = 0
========================================================================
Received Import Request.
  Time since last request: 36.880175 seconds.
  path: Assets/AssetsDownloaded/Free
  artifactKey: Guid(540ec057d698c6e45bc37df6245f9d7e) Importer(815301076,1909f56bfc062723c751e8b465ee728b)
Start importing Assets/AssetsDownloaded/Free using Guid(540ec057d698c6e45bc37df6245f9d7e) Importer(815301076,1909f56bfc062723c751e8b465ee728b)  -> (artifact id: 'acf42fd0a9bd918b60247f4d51f8a3e5') in 0.000398 seconds
Number of updated asset objects reloaded before import = 0
Number of asset objects unloaded after import = 0
========================================================================
Received Import Request.
  Time since last request: 5.822203 seconds.
  path: Assets/Kitchen table with chair
  artifactKey: Guid(c537f09db29ae5f4185b762f8900b90f) Importer(815301076,1909f56bfc062723c751e8b465ee728b)
Start importing Assets/Kitchen table with chair using Guid(c537f09db29ae5f4185b762f8900b90f) Importer(815301076,1909f56bfc062723c751e8b465ee728b)  -> (artifact id: 'd6603a85dc458ba654f2ecbff28436bb') in 0.000516 seconds
Number of updated asset objects reloaded before import = 0
Number of asset objects unloaded after import = 0
========================================================================
Received Import Request.
  Time since last request: 13.725146 seconds.
  path: Assets/Prefabs
  artifactKey: Guid(cde5da690a418e84bbf5091ff53e406d) Importer(815301076,1909f56bfc062723c751e8b465ee728b)
Start importing Assets/Prefabs using Guid(cde5da690a418e84bbf5091ff53e406d) Importer(815301076,1909f56bfc062723c751e8b465ee728b)  -> (artifact id: 'e95033d495aa56a38701871c596b6fbe') in 0.000397 seconds
Number of updated asset objects reloaded before import = 0
Number of asset objects unloaded after import = 0
========================================================================
Received Import Request.
  Time since last request: 20.750330 seconds.
  path: Assets/AssetsDownloaded/BrokenVector/LowpolyChessPack/Prefabs
  artifactKey: Guid(018db15951b6c0149b23b39bec397b6e) Importer(815301076,1909f56bfc062723c751e8b465ee728b)
Start importing Assets/AssetsDownloaded/BrokenVector/LowpolyChessPack/Prefabs using Guid(018db15951b6c0149b23b39bec397b6e) Importer(815301076,1909f56bfc062723c751e8b465ee728b)  -> (artifact id: 'f0c4a13eda0c311e8cb90d4ca56a24ca') in 0.000392 seconds
Number of updated asset objects reloaded before import = 0
Number of asset objects unloaded after import = 0
========================================================================
Received Import Request.
  Time since last request: 52.316495 seconds.
  path: Assets/AssetsDownloaded/BrokenVector/LowpolyChessPack/Prefabs/White Bishop 1.prefab
  artifactKey: Guid(e96e0d5aa4c85ee4b99ef9419c17102a) Importer(815301076,1909f56bfc062723c751e8b465ee728b)
Start importing Assets/AssetsDownloaded/BrokenVector/LowpolyChessPack/Prefabs/White Bishop 1.prefab using Guid(e96e0d5aa4c85ee4b99ef9419c17102a) Importer(815301076,1909f56bfc062723c751e8b465ee728b)  -> (artifact id: 'b123fe26212c45d551791c5cf09d69f4') in 0.063940 seconds
Number of updated asset objects reloaded before import = 0
Number of asset objects unloaded after import = 10
========================================================================
Received Import Request.
  Time since last request: 16.802010 seconds.
  path: Assets/Prefabs/White Bishop.prefab
  artifactKey: Guid(4b691646b6d23c24a9088fa047ef6395) Importer(815301076,1909f56bfc062723c751e8b465ee728b)
Start importing Assets/Prefabs/White Bishop.prefab using Guid(4b691646b6d23c24a9088fa047ef6395) Importer(815301076,1909f56bfc062723c751e8b465ee728b)  -> (artifact id: 'a70d8c705c7ec2ce703a52a196565976') in 0.005400 seconds
Number of updated asset objects reloaded before import = 0
Number of asset objects unloaded after import = 10
========================================================================
Received Import Request.
  Time since last request: 0.010004 seconds.
  path: Assets/Prefabs/White King.prefab
  artifactKey: Guid(81e0010851b36534abf8840193233e96) Importer(815301076,1909f56bfc062723c751e8b465ee728b)
Start importing Assets/Prefabs/White King.prefab using Guid(81e0010851b36534abf8840193233e96) Importer(815301076,1909f56bfc062723c751e8b465ee728b)  -> (artifact id: 'da4786d96b6d4068e84055d10c841578') in 0.010873 seconds
Number of updated asset objects reloaded before import = 0
Number of asset objects unloaded after import = 10
========================================================================
Received Import Request.
  Time since last request: 0.000063 seconds.
  path: Assets/Prefabs/White Pawn.prefab
  artifactKey: Guid(c822b9323d90ddb41a1cfb17e60e8777) Importer(815301076,1909f56bfc062723c751e8b465ee728b)
Start importing Assets/Prefabs/White Pawn.prefab using Guid(c822b9323d90ddb41a1cfb17e60e8777) Importer(815301076,1909f56bfc062723c751e8b465ee728b)  -> (artifact id: 'd5c0eabbd3076d4225cc496a85535501') in 0.013479 seconds
Number of updated asset objects reloaded before import = 0
Number of asset objects unloaded after import = 10
========================================================================
Received Import Request.
  Time since last request: 0.000019 seconds.
  path: Assets/Prefabs/White Queen.prefab
  artifactKey: Guid(4608b18191b04dc47a2fac378917b819) Importer(815301076,1909f56bfc062723c751e8b465ee728b)
Start importing Assets/Prefabs/White Queen.prefab using Guid(4608b18191b04dc47a2fac378917b819) Importer(815301076,1909f56bfc062723c751e8b465ee728b)  -> (artifact id: '5ed3dfd8c6565b8978249de62930349c') in 0.016022 seconds
Number of updated asset objects reloaded before import = 0
Number of asset objects unloaded after import = 10
========================================================================
Received Import Request.
  Time since last request: 0.000037 seconds.
  path: Assets/Prefabs/White Rook.prefab
  artifactKey: Guid(14f82ee3ed14dc341b0a2e9757c26f70) Importer(815301076,1909f56bfc062723c751e8b465ee728b)
Start importing Assets/Prefabs/White Rook.prefab using Guid(14f82ee3ed14dc341b0a2e9757c26f70) Importer(815301076,1909f56bfc062723c751e8b465ee728b)  -> (artifact id: '65d432395cd2744c2a2212a0ed5b2ba1') in 0.015101 seconds
Number of updated asset objects reloaded before import = 0
Number of asset objects unloaded after import = 10
Editor requested this worker to shutdown with reason: Scaling down because of idle timeout
TcpMessagingSession - receive error: operation aborted. errorcode: 995, details: The I/O operation has been aborted because of either a thread exit or an application request.
AssetImportWorker is now disconnected from the server
Process exiting
Exiting without the bug reporter. Application will terminate with return code 0