Using pre-set license
Built from '2022.3/staging' branch; Version is '2022.3.11f1 (d00248457e15) revision 13632072'; Using compiler version '192829333'; Build Type 'Release'
OS: 'Windows 11  (10.0.22621) 64bit Core' Language: 'en' Physical Memory: 16297 MB
BatchMode: 1, IsHumanControllingUs: 0, StartBugReporterOnCrash: 0, Is64bit: 1, IsPro: 1

COMMAND LINE ARGUMENTS:
D:\Unity\2022.3.11f1\Editor\Unity.exe
-adb2
-batchMode
-noUpm
-name
AssetImportWorker3
-projectPath
D:/Github/CS583-Final/CS583 Final
-logFile
Logs/AssetImportWorker3.log
-srvPort
62957
Successfully changed project path to: D:/Github/CS583-Final/CS583 Final
D:/Github/CS583-Final/CS583 Final
[UnityMemory] Configuration Parameters - Can be set up in boot.config
    "memorysetup-bucket-allocator-granularity=16"
    "memorysetup-bucket-allocator-bucket-count=8"
    "memorysetup-bucket-allocator-block-size=33554432"
    "memorysetup-bucket-allocator-block-count=8"
    "memorysetup-main-allocator-block-size=16777216"
    "memorysetup-thread-allocator-block-size=16777216"
    "memorysetup-gfx-main-allocator-block-size=16777216"
    "memorysetup-gfx-thread-allocator-block-size=16777216"
    "memorysetup-cache-allocator-block-size=4194304"
    "memorysetup-typetree-allocator-block-size=2097152"
    "memorysetup-profiler-bucket-allocator-granularity=16"
    "memorysetup-profiler-bucket-allocator-bucket-count=8"
    "memorysetup-profiler-bucket-allocator-block-size=33554432"
    "memorysetup-profiler-bucket-allocator-block-count=8"
    "memorysetup-profiler-allocator-block-size=16777216"
    "memorysetup-profiler-editor-allocator-block-size=1048576"
    "memorysetup-temp-allocator-size-main=16777216"
    "memorysetup-job-temp-allocator-block-size=2097152"
    "memorysetup-job-temp-allocator-block-size-background=1048576"
    "memorysetup-job-temp-allocator-reduction-small-platforms=262144"
    "memorysetup-allocator-temp-initial-block-size-main=262144"
    "memorysetup-allocator-temp-initial-block-size-worker=262144"
    "memorysetup-temp-allocator-size-background-worker=32768"
    "memorysetup-temp-allocator-size-job-worker=262144"
    "memorysetup-temp-allocator-size-preload-manager=33554432"
    "memorysetup-temp-allocator-size-nav-mesh-worker=65536"
    "memorysetup-temp-allocator-size-audio-worker=65536"
    "memorysetup-temp-allocator-size-cloud-worker=32768"
    "memorysetup-temp-allocator-size-gi-baking-worker=262144"
    "memorysetup-temp-allocator-size-gfx=262144"
Player connection [25440] Host "[IP] 10.100.80.240 [Port] 0 [Flags] 2 [Guid] 1448142146 [EditorId] 1448142146 [Version] 1048832 [Id] WindowsEditor(7,SammyScared) [Debug] 1 [PackageName] WindowsEditor [ProjectName] Editor" joined multi-casting on [225.0.0.222:54997]...

Player connection [25440] Host "[IP] 10.100.80.240 [Port] 0 [Flags] 2 [Guid] 1448142146 [EditorId] 1448142146 [Version] 1048832 [Id] WindowsEditor(7,SammyScared) [Debug] 1 [PackageName] WindowsEditor [ProjectName] Editor" joined alternative multi-casting on [225.0.0.222:34997]...

[Physics::Module] Initialized MultithreadedJobDispatcher with 23 workers.
Refreshing native plugins compatible for Editor in 7.80 ms, found 3 plugins.
Preloading 0 native plugins for Editor in 0.00 ms.
Initialize engine version: 2022.3.11f1 (d00248457e15)
[Subsystems] Discovering subsystems at path D:/Unity/2022.3.11f1/Editor/Data/Resources/UnitySubsystems
[Subsystems] Discovering subsystems at path D:/Github/CS583-Final/CS583 Final/Assets
GfxDevice: creating device client; threaded=0; jobified=0
Direct3D:
    Version:  Direct3D 11.0 [level 11.1]
    Renderer: NVIDIA GeForce RTX 2070 (ID=0x1f02)
    Vendor:   NVIDIA
    VRAM:     8019 MB
    Driver:   31.0.15.3699
Initialize mono
Mono path[0] = 'D:/Unity/2022.3.11f1/Editor/Data/Managed'
Mono path[1] = 'D:/Unity/2022.3.11f1/Editor/Data/MonoBleedingEdge/lib/mono/unityjit-win32'
Mono config path = 'D:/Unity/2022.3.11f1/Editor/Data/MonoBleedingEdge/etc'
Using monoOptions --debugger-agent=transport=dt_socket,embedding=1,server=y,suspend=n,address=127.0.0.1:56068
Begin MonoManager ReloadAssembly
Registering precompiled unity dll's ...
Register platform support module: D:/Unity/2022.3.11f1/Editor/Data/PlaybackEngines/WindowsStandaloneSupport/UnityEditor.WindowsStandalone.Extensions.dll
Registered in 0.003287 seconds.
- Loaded All Assemblies, in  0.281 seconds
Native extension for WindowsStandalone target not found
Mono: successfully reloaded assembly
- Finished resetting the current domain, in  0.209 seconds
Domain Reload Profiling: 490ms
	BeginReloadAssembly (99ms)
		ExecutionOrderSort (0ms)
		DisableScriptedObjects (0ms)
		BackupInstance (0ms)
		ReleaseScriptingObjects (0ms)
		CreateAndSetChildDomain (1ms)
	RebuildCommonClasses (27ms)
	RebuildNativeTypeToScriptingClass (8ms)
	initialDomainReloadingComplete (41ms)
	LoadAllAssembliesAndSetupDomain (106ms)
		LoadAssemblies (99ms)
		RebuildTransferFunctionScriptingTraits (0ms)
		AnalyzeDomain (103ms)
			TypeCache.Refresh (102ms)
				TypeCache.ScanAssembly (92ms)
			ScanForSourceGeneratedMonoScriptInfo (0ms)
			ResolveRequiredComponents (0ms)
	FinalizeReload (210ms)
		ReleaseScriptCaches (0ms)
		RebuildScriptCaches (0ms)
		SetupLoadedEditorAssemblies (156ms)
			LogAssemblyErrors (0ms)
			InitializePlatformSupportModulesInManaged (6ms)
			SetLoadedEditorAssemblies (6ms)
			RefreshPlugins (0ms)
			BeforeProcessingInitializeOnLoad (2ms)
			ProcessInitializeOnLoadAttributes (104ms)
			ProcessInitializeOnLoadMethodAttributes (39ms)
			AfterProcessingInitializeOnLoad (0ms)
			EditorAssembliesLoaded (0ms)
		ExecutionOrderSort2 (0ms)
		AwakeInstancesAfterBackupRestoration (0ms)
========================================================================
Worker process is ready to serve import requests
Begin MonoManager ReloadAssembly
- Loaded All Assemblies, in  0.495 seconds
Refreshing native plugins compatible for Editor in 2.57 ms, found 3 plugins.
Native extension for WindowsStandalone target not found
Package Manager log level set to [2]
[Package Manager] Server::EnsureServerProcessIsRunning -- launch failed, reason: Unity was launched with the -noUpm command-line argument
[Package Manager] UpmClient::Send -- Unable to send message (not connected to UPM process).
[Package Manager] Cannot connect to Unity Package Manager local server
Mono: successfully reloaded assembly
- Finished resetting the current domain, in  0.454 seconds
Domain Reload Profiling: 948ms
	BeginReloadAssembly (139ms)
		ExecutionOrderSort (0ms)
		DisableScriptedObjects (5ms)
		BackupInstance (0ms)
		ReleaseScriptingObjects (0ms)
		CreateAndSetChildDomain (19ms)
	RebuildCommonClasses (28ms)
	RebuildNativeTypeToScriptingClass (8ms)
	initialDomainReloadingComplete (32ms)
	LoadAllAssembliesAndSetupDomain (287ms)
		LoadAssemblies (234ms)
		RebuildTransferFunctionScriptingTraits (0ms)
		AnalyzeDomain (140ms)
			TypeCache.Refresh (124ms)
				TypeCache.ScanAssembly (112ms)
			ScanForSourceGeneratedMonoScriptInfo (13ms)
			ResolveRequiredComponents (3ms)
	FinalizeReload (454ms)
		ReleaseScriptCaches (0ms)
		RebuildScriptCaches (0ms)
		SetupLoadedEditorAssemblies (331ms)
			LogAssemblyErrors (0ms)
			InitializePlatformSupportModulesInManaged (4ms)
			SetLoadedEditorAssemblies (3ms)
			RefreshPlugins (0ms)
			BeforeProcessingInitializeOnLoad (45ms)
			ProcessInitializeOnLoadAttributes (259ms)
			ProcessInitializeOnLoadMethodAttributes (18ms)
			AfterProcessingInitializeOnLoad (2ms)
			EditorAssembliesLoaded (0ms)
		ExecutionOrderSort2 (0ms)
		AwakeInstancesAfterBackupRestoration (6ms)
Launched and connected shader compiler UnityShaderCompiler.exe after 0.04 seconds
Refreshing native plugins compatible for Editor in 2.50 ms, found 3 plugins.
Preloading 0 native plugins for Editor in 0.00 ms.
Unloading 3100 Unused Serialized files (Serialized files now loaded: 0)
Unloading 32 unused Assets / (56.9 KB). Loaded Objects now: 3562.
Memory consumption went from 122.0 MB to 121.9 MB.
Total: 3.038300 ms (FindLiveObjects: 0.238300 ms CreateObjectMapping: 0.078400 ms MarkObjects: 2.624400 ms  DeleteObjects: 0.096400 ms)

AssetImportParameters requested are different than current active one (requested -> active):
  custom:scripting/monoscript/fileName/Board.cs: ffe6b5d445947efad3dda8fa2b0a2f88 -> 7c24e859fe522204ee0916c0a49bddbf
  custom:container-demuxer-ogg: 62fdf1f143b41e24485cea50d1cbac27 -> 
  custom:scripting/monoscript/fileName/IObjectTweener.cs: 84a7e2e0fba977df021a997686e06deb -> 600781bd6b2ec6f8c51b3cd36d77c9a4
  custom:scripting/monoscript/fileName/InstantTweener.cs: b8f10a3ad7101fc0b69c0e601ea56b4e -> 0dc24ebeb0e752bfb81762f82cbcb47b
  custom:video-decoder-ogg-theora: a1e56fd34408186e4bbccfd4996cb3dc -> 
  custom:framework-win-MediaFoundation: 216162199b28c13a410421893ffa2e32 -> 
  custom:scripting/monoscript/fileName/MaterialSetter.cs: 6da37f2811a1fddd5343b96cdabc419b -> 8b4f7137402b6052bde295e322ca4c8c
  custom:scripting/monoscript/fileName/SquareSelectorCreator.cs: 243e2b26f30ee7d396177f8479adf7ec -> bdb96c9db292854beca6d64a3ab7d96c
  custom:CustomObjectIndexerAttribute: 756ad292c208cfabdd7b50bc23989ffe -> 
  custom:container-demuxer-webm: 4f35f7cbe854078d1ac9338744f61a02 -> 
  custom:scripting/monoscript/fileName/Pawn.cs: 854be57a593bde74a27cc6a4e94cf976 -> b21687ddb03d73bd9f0c1daecb9714de
  custom:container-muxer-webm: aa71ff27fc2769a1b78a27578f13a17b -> 
  custom:video-decoder-webm-vp8: 9c59270c3fd7afecdb556c50c9e8de78 -> 
  custom:scripting/monoscript/fileName/ArcTweener.cs: a20cd869c5293f2795a55f79d76e4b61 -> 7be77727426a87e0bb74487ca88602f8
  custom:SearchIndexIgnoredProperties: e643bd26f0fe6173181afceb89e7c659 -> 
  custom:AudioImporter_EditorPlatform: d09bf68614088b80899f8185d706f6e7 -> 
  custom:scripting/monoscript/fileName/Rook.cs: 2f2b7ed88ec315f6429b4b14c05426d9 -> facd266a75f4d6e1264693f3b1950919
  custom:scripting/monoscript/fileName/Bishop.cs: bee76ae3742ad7cd689823d4deebf57f -> ece8b889a798ea45b840bac00cae7c0e
  custom:scripting/monoscript/fileName/ChessGameController.cs: daece4cb13a1a309d7b0e195c53e05fd -> 0210827ffe718c7d857bcc899eee7943
  custom:video-encoder-webm-vp8: eb34c28f22e8b96e1ab97ce403110664 -> 
  custom:audio-decoder-ogg-vorbis: bf7c407c2cedff20999df2af8eb42d56 -> 
  custom:scripting/monoscript/fileName/Queen.cs: da73a665e6589ebcbc50c04396b59979 -> 4e24ad3e0eb20daf25ee0484583e6e5d
  custom:scripting/monoscript/fileName/Piece.cs: c43145177a7cf9a905d79b0d27041e47 -> 238aee5856321ce7d8540c82711f13a9
  custom:scripting/monoscript/fileName/BoardLayout.cs: 8a766edceab46d967b1b7a88fb7b7a58 -> cfef42cded70420a44a257c7740447b4
  custom:audio-encoder-webm-vorbis: bf7c407c2cedff20999df2af8eb42d56 -> 
  custom:scripting/monoscript/fileName/Knight.cs: b43b3ddf95f15527f3bbeea3fd8520ea -> 2341409d888a3f02322ae746692c07b7
  custom:scripting/monoscript/fileName/King.cs: 910bdae8683a51bf58ae073e6078d677 -> be1b705f232b125017874e03e7fe539a
  custom:scripting/monoscript/fileName/PieceCreator.cs: d60695d646ffce59d239f3f9e8c74230 -> 99e1d49159f1814e67a02ff088526e0c
  custom:scripting/monoscript/fileName/LineTweener.cs: f90d0350ff6bddba1c28f7e23388c101 -> 6db66529a3f1ea766de6e3ae85a9a0bb
========================================================================
Received Import Request.
  Time since last request: 16422.263661 seconds.
  path: Assets/Material/White Color.mat
  artifactKey: Guid(efb1faff81ecec749b1619810599b668) Importer(815301076,1909f56bfc062723c751e8b465ee728b)
Start importing Assets/Material/White Color.mat using Guid(efb1faff81ecec749b1619810599b668) Importer(815301076,1909f56bfc062723c751e8b465ee728b)  -> (artifact id: '272ed42ef956e85ec7c835095ecb9baa') in 0.091022 seconds
Number of updated asset objects reloaded before import = 0
Number of asset objects unloaded after import = 1
========================================================================
Received Import Request.
  Time since last request: 237.480347 seconds.
  path: Assets/Prefabs/Knight.prefab
  artifactKey: Guid(51b18f7c2a8edd541a38a34df767ac79) Importer(815301076,1909f56bfc062723c751e8b465ee728b)
Start importing Assets/Prefabs/Knight.prefab using Guid(51b18f7c2a8edd541a38a34df767ac79) Importer(815301076,1909f56bfc062723c751e8b465ee728b)  -> (artifact id: '9b0bf363fc06e27050fe42f1a5e9c8c0') in 0.017848 seconds
Number of updated asset objects reloaded before import = 0
Number of asset objects unloaded after import = 10
========================================================================
Received Prepare
Begin MonoManager ReloadAssembly
- Loaded All Assemblies, in  0.352 seconds
Refreshing native plugins compatible for Editor in 3.44 ms, found 3 plugins.
Native extension for WindowsStandalone target not found
[Package Manager] Server::EnsureServerProcessIsRunning -- launch failed, reason: Unity was launched with the -noUpm command-line argument
[Package Manager] UpmClient::Send -- Unable to send message (not connected to UPM process).
[Package Manager] Cannot connect to Unity Package Manager local server
Mono: successfully reloaded assembly
- Finished resetting the current domain, in  0.775 seconds
Domain Reload Profiling: 1127ms
	BeginReloadAssembly (146ms)
		ExecutionOrderSort (0ms)
		DisableScriptedObjects (4ms)
		BackupInstance (0ms)
		ReleaseScriptingObjects (0ms)
		CreateAndSetChildDomain (30ms)
	RebuildCommonClasses (26ms)
	RebuildNativeTypeToScriptingClass (8ms)
	initialDomainReloadingComplete (20ms)
	LoadAllAssembliesAndSetupDomain (152ms)
		LoadAssemblies (221ms)
		RebuildTransferFunctionScriptingTraits (0ms)
		AnalyzeDomain (18ms)
			TypeCache.Refresh (7ms)
				TypeCache.ScanAssembly (0ms)
			ScanForSourceGeneratedMonoScriptInfo (5ms)
			ResolveRequiredComponents (4ms)
	FinalizeReload (776ms)
		ReleaseScriptCaches (0ms)
		RebuildScriptCaches (0ms)
		SetupLoadedEditorAssemblies (288ms)
			LogAssemblyErrors (0ms)
			InitializePlatformSupportModulesInManaged (4ms)
			SetLoadedEditorAssemblies (3ms)
			RefreshPlugins (0ms)
			BeforeProcessingInitializeOnLoad (47ms)
			ProcessInitializeOnLoadAttributes (216ms)
			ProcessInitializeOnLoadMethodAttributes (16ms)
			AfterProcessingInitializeOnLoad (2ms)
			EditorAssembliesLoaded (0ms)
		ExecutionOrderSort2 (0ms)
		AwakeInstancesAfterBackupRestoration (6ms)
Refreshing native plugins compatible for Editor in 2.41 ms, found 3 plugins.
Preloading 0 native plugins for Editor in 0.00 ms.
Unloading 3093 Unused Serialized files (Serialized files now loaded: 0)
Unloading 23 unused Assets / (31.1 KB). Loaded Objects now: 3607.
Memory consumption went from 127.5 MB to 127.4 MB.
Total: 10.654900 ms (FindLiveObjects: 0.183300 ms CreateObjectMapping: 0.075200 ms MarkObjects: 10.351300 ms  DeleteObjects: 0.044600 ms)

Prepare: number of updated asset objects reloaded= 0
AssetImportParameters requested are different than current active one (requested -> active):
  custom:scripting/monoscript/fileName/Board.cs: ffe6b5d445947efad3dda8fa2b0a2f88 -> 7c24e859fe522204ee0916c0a49bddbf
  custom:container-demuxer-ogg: 62fdf1f143b41e24485cea50d1cbac27 -> 
  custom:scripting/monoscript/fileName/IObjectTweener.cs: 84a7e2e0fba977df021a997686e06deb -> 09b75898669f92fc2e516cb4dcd01396
  custom:scripting/monoscript/fileName/InstantTweener.cs: b8f10a3ad7101fc0b69c0e601ea56b4e -> 274d331875f2e9bc4ad4252fcc1b5abc
  custom:video-decoder-ogg-theora: a1e56fd34408186e4bbccfd4996cb3dc -> 
  custom:framework-win-MediaFoundation: 216162199b28c13a410421893ffa2e32 -> 
  custom:scripting/monoscript/fileName/MaterialSetter.cs: 6da37f2811a1fddd5343b96cdabc419b -> 8b4f7137402b6052bde295e322ca4c8c
  custom:scripting/monoscript/fileName/SquareSelectorCreator.cs: 243e2b26f30ee7d396177f8479adf7ec -> bdb96c9db292854beca6d64a3ab7d96c
  custom:CustomObjectIndexerAttribute: 756ad292c208cfabdd7b50bc23989ffe -> 
  custom:container-demuxer-webm: 4f35f7cbe854078d1ac9338744f61a02 -> 
  custom:scripting/monoscript/fileName/Pawn.cs: d25b629dd07fd5cbf7e6307de1f7e665 -> 5138ce8ea5fbbaf09dd2e5247c2bd662
  custom:container-muxer-webm: aa71ff27fc2769a1b78a27578f13a17b -> 
  custom:video-decoder-webm-vp8: 9c59270c3fd7afecdb556c50c9e8de78 -> 
  custom:scripting/monoscript/fileName/ArcTweener.cs: a20cd869c5293f2795a55f79d76e4b61 -> d737a624e86a4acede31e678a6692358
  custom:SearchIndexIgnoredProperties: e643bd26f0fe6173181afceb89e7c659 -> 
  custom:AudioImporter_EditorPlatform: d09bf68614088b80899f8185d706f6e7 -> 
  custom:scripting/monoscript/fileName/Rook.cs: 2f2b7ed88ec315f6429b4b14c05426d9 -> facd266a75f4d6e1264693f3b1950919
  custom:scripting/monoscript/fileName/Bishop.cs: bee76ae3742ad7cd689823d4deebf57f -> ece8b889a798ea45b840bac00cae7c0e
  custom:scripting/monoscript/fileName/ChessGameController.cs: daece4cb13a1a309d7b0e195c53e05fd -> 0210827ffe718c7d857bcc899eee7943
  custom:video-encoder-webm-vp8: eb34c28f22e8b96e1ab97ce403110664 -> 
  custom:audio-decoder-ogg-vorbis: bf7c407c2cedff20999df2af8eb42d56 -> 
  custom:scripting/monoscript/fileName/Queen.cs: da73a665e6589ebcbc50c04396b59979 -> 4e24ad3e0eb20daf25ee0484583e6e5d
  custom:scripting/monoscript/fileName/Piece.cs: c43145177a7cf9a905d79b0d27041e47 -> 238aee5856321ce7d8540c82711f13a9
  custom:scripting/monoscript/fileName/BoardLayout.cs: 8a766edceab46d967b1b7a88fb7b7a58 -> cfef42cded70420a44a257c7740447b4
  custom:audio-encoder-webm-vorbis: bf7c407c2cedff20999df2af8eb42d56 -> 
  custom:scripting/monoscript/fileName/Knight.cs: b43b3ddf95f15527f3bbeea3fd8520ea -> 2341409d888a3f02322ae746692c07b7
  custom:scripting/monoscript/fileName/King.cs: 910bdae8683a51bf58ae073e6078d677 -> be1b705f232b125017874e03e7fe539a
  custom:scripting/monoscript/fileName/PieceCreator.cs: d60695d646ffce59d239f3f9e8c74230 -> 99e1d49159f1814e67a02ff088526e0c
  custom:scripting/monoscript/fileName/LineTweener.cs: f90d0350ff6bddba1c28f7e23388c101 -> 7a83efe8b7e07b1d8de2d98b577cf828
========================================================================
Received Prepare
Begin MonoManager ReloadAssembly
- Loaded All Assemblies, in  0.346 seconds
Refreshing native plugins compatible for Editor in 2.92 ms, found 3 plugins.
Native extension for WindowsStandalone target not found
[Package Manager] Server::EnsureServerProcessIsRunning -- launch failed, reason: Unity was launched with the -noUpm command-line argument
[Package Manager] UpmClient::Send -- Unable to send message (not connected to UPM process).
[Package Manager] Cannot connect to Unity Package Manager local server
Mono: successfully reloaded assembly
- Finished resetting the current domain, in  0.758 seconds
Domain Reload Profiling: 1104ms
	BeginReloadAssembly (144ms)
		ExecutionOrderSort (0ms)
		DisableScriptedObjects (4ms)
		BackupInstance (0ms)
		ReleaseScriptingObjects (0ms)
		CreateAndSetChildDomain (29ms)
	RebuildCommonClasses (26ms)
	RebuildNativeTypeToScriptingClass (8ms)
	initialDomainReloadingComplete (20ms)
	LoadAllAssembliesAndSetupDomain (148ms)
		LoadAssemblies (223ms)
		RebuildTransferFunctionScriptingTraits (0ms)
		AnalyzeDomain (10ms)
			TypeCache.Refresh (5ms)
				TypeCache.ScanAssembly (0ms)
			ScanForSourceGeneratedMonoScriptInfo (0ms)
			ResolveRequiredComponents (4ms)
	FinalizeReload (759ms)
		ReleaseScriptCaches (0ms)
		RebuildScriptCaches (0ms)
		SetupLoadedEditorAssemblies (317ms)
			LogAssemblyErrors (0ms)
			InitializePlatformSupportModulesInManaged (4ms)
			SetLoadedEditorAssemblies (4ms)
			RefreshPlugins (0ms)
			BeforeProcessingInitializeOnLoad (50ms)
			ProcessInitializeOnLoadAttributes (240ms)
			ProcessInitializeOnLoadMethodAttributes (17ms)
			AfterProcessingInitializeOnLoad (2ms)
			EditorAssembliesLoaded (0ms)
		ExecutionOrderSort2 (0ms)
		AwakeInstancesAfterBackupRestoration (7ms)
Refreshing native plugins compatible for Editor in 2.74 ms, found 3 plugins.
Preloading 0 native plugins for Editor in 0.00 ms.
Unloading 3094 Unused Serialized files (Serialized files now loaded: 0)
Unloading 23 unused Assets / (31.1 KB). Loaded Objects now: 3610.
Memory consumption went from 129.6 MB to 129.6 MB.
Total: 2.975000 ms (FindLiveObjects: 0.230400 ms CreateObjectMapping: 0.075900 ms MarkObjects: 2.627300 ms  DeleteObjects: 0.040600 ms)

Prepare: number of updated asset objects reloaded= 0
AssetImportParameters requested are different than current active one (requested -> active):
  custom:scripting/monoscript/fileName/Board.cs: ffe6b5d445947efad3dda8fa2b0a2f88 -> 7c24e859fe522204ee0916c0a49bddbf
  custom:container-demuxer-ogg: 62fdf1f143b41e24485cea50d1cbac27 -> 
  custom:scripting/monoscript/fileName/IObjectTweener.cs: 84a7e2e0fba977df021a997686e06deb -> 09b75898669f92fc2e516cb4dcd01396
  custom:scripting/monoscript/fileName/InstantTweener.cs: b8f10a3ad7101fc0b69c0e601ea56b4e -> 274d331875f2e9bc4ad4252fcc1b5abc
  custom:video-decoder-ogg-theora: a1e56fd34408186e4bbccfd4996cb3dc -> 
  custom:framework-win-MediaFoundation: 216162199b28c13a410421893ffa2e32 -> 
  custom:scripting/monoscript/fileName/MaterialSetter.cs: 6da37f2811a1fddd5343b96cdabc419b -> 8b4f7137402b6052bde295e322ca4c8c
  custom:scripting/monoscript/fileName/SquareSelectorCreator.cs: 243e2b26f30ee7d396177f8479adf7ec -> bdb96c9db292854beca6d64a3ab7d96c
  custom:CustomObjectIndexerAttribute: 756ad292c208cfabdd7b50bc23989ffe -> 
  custom:container-demuxer-webm: 4f35f7cbe854078d1ac9338744f61a02 -> 
  custom:scripting/monoscript/fileName/Pawn.cs: d25b629dd07fd5cbf7e6307de1f7e665 -> 5138ce8ea5fbbaf09dd2e5247c2bd662
  custom:container-muxer-webm: aa71ff27fc2769a1b78a27578f13a17b -> 
  custom:video-decoder-webm-vp8: 9c59270c3fd7afecdb556c50c9e8de78 -> 
  custom:scripting/monoscript/fileName/ArcTweener.cs: a20cd869c5293f2795a55f79d76e4b61 -> d737a624e86a4acede31e678a6692358
  custom:SearchIndexIgnoredProperties: e643bd26f0fe6173181afceb89e7c659 -> 
  custom:AudioImporter_EditorPlatform: d09bf68614088b80899f8185d706f6e7 -> 
  custom:scripting/monoscript/fileName/Rook.cs: 2f2b7ed88ec315f6429b4b14c05426d9 -> facd266a75f4d6e1264693f3b1950919
  custom:scripting/monoscript/fileName/Bishop.cs: bee76ae3742ad7cd689823d4deebf57f -> ece8b889a798ea45b840bac00cae7c0e
  custom:scripting/monoscript/fileName/ChessGameController.cs: daece4cb13a1a309d7b0e195c53e05fd -> 0210827ffe718c7d857bcc899eee7943
  custom:video-encoder-webm-vp8: eb34c28f22e8b96e1ab97ce403110664 -> 
  custom:audio-decoder-ogg-vorbis: bf7c407c2cedff20999df2af8eb42d56 -> 
  custom:scripting/monoscript/fileName/Queen.cs: da73a665e6589ebcbc50c04396b59979 -> 4e24ad3e0eb20daf25ee0484583e6e5d
  custom:scripting/monoscript/fileName/Piece.cs: c43145177a7cf9a905d79b0d27041e47 -> 238aee5856321ce7d8540c82711f13a9
  custom:scripting/monoscript/fileName/BoardLayout.cs: 8a766edceab46d967b1b7a88fb7b7a58 -> cfef42cded70420a44a257c7740447b4
  custom:audio-encoder-webm-vorbis: bf7c407c2cedff20999df2af8eb42d56 -> 
  custom:scripting/monoscript/fileName/Knight.cs: b43b3ddf95f15527f3bbeea3fd8520ea -> 2341409d888a3f02322ae746692c07b7
  custom:scripting/monoscript/fileName/King.cs: 910bdae8683a51bf58ae073e6078d677 -> be1b705f232b125017874e03e7fe539a
  custom:scripting/monoscript/fileName/PieceCreator.cs: d60695d646ffce59d239f3f9e8c74230 -> 99e1d49159f1814e67a02ff088526e0c
  custom:scripting/monoscript/fileName/LineTweener.cs: f90d0350ff6bddba1c28f7e23388c101 -> 7a83efe8b7e07b1d8de2d98b577cf828
========================================================================
Received Prepare
Begin MonoManager ReloadAssembly
- Loaded All Assemblies, in  0.350 seconds
Refreshing native plugins compatible for Editor in 2.70 ms, found 3 plugins.
Native extension for WindowsStandalone target not found
[Package Manager] Server::EnsureServerProcessIsRunning -- launch failed, reason: Unity was launched with the -noUpm command-line argument
[Package Manager] UpmClient::Send -- Unable to send message (not connected to UPM process).
[Package Manager] Cannot connect to Unity Package Manager local server
Mono: successfully reloaded assembly
- Finished resetting the current domain, in  0.762 seconds
Domain Reload Profiling: 1112ms
	BeginReloadAssembly (148ms)
		ExecutionOrderSort (0ms)
		DisableScriptedObjects (4ms)
		BackupInstance (0ms)
		ReleaseScriptingObjects (0ms)
		CreateAndSetChildDomain (27ms)
	RebuildCommonClasses (27ms)
	RebuildNativeTypeToScriptingClass (9ms)
	initialDomainReloadingComplete (23ms)
	LoadAllAssembliesAndSetupDomain (143ms)
		LoadAssemblies (224ms)
		RebuildTransferFunctionScriptingTraits (0ms)
		AnalyzeDomain (10ms)
			TypeCache.Refresh (5ms)
				TypeCache.ScanAssembly (0ms)
			ScanForSourceGeneratedMonoScriptInfo (0ms)
			ResolveRequiredComponents (3ms)
	FinalizeReload (763ms)
		ReleaseScriptCaches (0ms)
		RebuildScriptCaches (0ms)
		SetupLoadedEditorAssemblies (313ms)
			LogAssemblyErrors (0ms)
			InitializePlatformSupportModulesInManaged (4ms)
			SetLoadedEditorAssemblies (4ms)
			RefreshPlugins (0ms)
			BeforeProcessingInitializeOnLoad (49ms)
			ProcessInitializeOnLoadAttributes (238ms)
			ProcessInitializeOnLoadMethodAttributes (17ms)
			AfterProcessingInitializeOnLoad (2ms)
			EditorAssembliesLoaded (0ms)
		ExecutionOrderSort2 (0ms)
		AwakeInstancesAfterBackupRestoration (7ms)
Refreshing native plugins compatible for Editor in 2.75 ms, found 3 plugins.
Preloading 0 native plugins for Editor in 0.00 ms.
Unloading 3094 Unused Serialized files (Serialized files now loaded: 0)
Unloading 23 unused Assets / (31.2 KB). Loaded Objects now: 3613.
Memory consumption went from 131.6 MB to 131.6 MB.
Total: 2.461800 ms (FindLiveObjects: 0.214400 ms CreateObjectMapping: 0.075400 ms MarkObjects: 2.130800 ms  DeleteObjects: 0.040400 ms)

Prepare: number of updated asset objects reloaded= 0
AssetImportParameters requested are different than current active one (requested -> active):
  custom:scripting/monoscript/fileName/Board.cs: ffe6b5d445947efad3dda8fa2b0a2f88 -> 7c24e859fe522204ee0916c0a49bddbf
  custom:container-demuxer-ogg: 62fdf1f143b41e24485cea50d1cbac27 -> 
  custom:scripting/monoscript/fileName/IObjectTweener.cs: 84a7e2e0fba977df021a997686e06deb -> 09b75898669f92fc2e516cb4dcd01396
  custom:scripting/monoscript/fileName/InstantTweener.cs: b8f10a3ad7101fc0b69c0e601ea56b4e -> 274d331875f2e9bc4ad4252fcc1b5abc
  custom:video-decoder-ogg-theora: a1e56fd34408186e4bbccfd4996cb3dc -> 
  custom:framework-win-MediaFoundation: 216162199b28c13a410421893ffa2e32 -> 
  custom:scripting/monoscript/fileName/MaterialSetter.cs: 6da37f2811a1fddd5343b96cdabc419b -> 8b4f7137402b6052bde295e322ca4c8c
  custom:scripting/monoscript/fileName/SquareSelectorCreator.cs: 243e2b26f30ee7d396177f8479adf7ec -> bdb96c9db292854beca6d64a3ab7d96c
  custom:CustomObjectIndexerAttribute: 756ad292c208cfabdd7b50bc23989ffe -> 
  custom:container-demuxer-webm: 4f35f7cbe854078d1ac9338744f61a02 -> 
  custom:scripting/monoscript/fileName/Pawn.cs: d25b629dd07fd5cbf7e6307de1f7e665 -> 5138ce8ea5fbbaf09dd2e5247c2bd662
  custom:container-muxer-webm: aa71ff27fc2769a1b78a27578f13a17b -> 
  custom:video-decoder-webm-vp8: 9c59270c3fd7afecdb556c50c9e8de78 -> 
  custom:scripting/monoscript/fileName/ArcTweener.cs: a20cd869c5293f2795a55f79d76e4b61 -> d737a624e86a4acede31e678a6692358
  custom:SearchIndexIgnoredProperties: e643bd26f0fe6173181afceb89e7c659 -> 
  custom:AudioImporter_EditorPlatform: d09bf68614088b80899f8185d706f6e7 -> 
  custom:scripting/monoscript/fileName/Rook.cs: 2f2b7ed88ec315f6429b4b14c05426d9 -> facd266a75f4d6e1264693f3b1950919
  custom:scripting/monoscript/fileName/Bishop.cs: bee76ae3742ad7cd689823d4deebf57f -> ece8b889a798ea45b840bac00cae7c0e
  custom:scripting/monoscript/fileName/ChessGameController.cs: daece4cb13a1a309d7b0e195c53e05fd -> 0210827ffe718c7d857bcc899eee7943
  custom:video-encoder-webm-vp8: eb34c28f22e8b96e1ab97ce403110664 -> 
  custom:audio-decoder-ogg-vorbis: bf7c407c2cedff20999df2af8eb42d56 -> 
  custom:scripting/monoscript/fileName/Queen.cs: da73a665e6589ebcbc50c04396b59979 -> 4e24ad3e0eb20daf25ee0484583e6e5d
  custom:scripting/monoscript/fileName/Piece.cs: c43145177a7cf9a905d79b0d27041e47 -> 238aee5856321ce7d8540c82711f13a9
  custom:scripting/monoscript/fileName/BoardLayout.cs: 8a766edceab46d967b1b7a88fb7b7a58 -> cfef42cded70420a44a257c7740447b4
  custom:audio-encoder-webm-vorbis: bf7c407c2cedff20999df2af8eb42d56 -> 
  custom:scripting/monoscript/fileName/Knight.cs: b43b3ddf95f15527f3bbeea3fd8520ea -> 2341409d888a3f02322ae746692c07b7
  custom:scripting/monoscript/fileName/King.cs: 910bdae8683a51bf58ae073e6078d677 -> be1b705f232b125017874e03e7fe539a
  custom:scripting/monoscript/fileName/PieceCreator.cs: d60695d646ffce59d239f3f9e8c74230 -> 99e1d49159f1814e67a02ff088526e0c
  custom:scripting/monoscript/fileName/LineTweener.cs: f90d0350ff6bddba1c28f7e23388c101 -> 7a83efe8b7e07b1d8de2d98b577cf828
========================================================================
Received Prepare
Begin MonoManager ReloadAssembly
- Loaded All Assemblies, in  0.360 seconds
Refreshing native plugins compatible for Editor in 2.82 ms, found 3 plugins.
Native extension for WindowsStandalone target not found
[Package Manager] Server::EnsureServerProcessIsRunning -- launch failed, reason: Unity was launched with the -noUpm command-line argument
[Package Manager] UpmClient::Send -- Unable to send message (not connected to UPM process).
[Package Manager] Cannot connect to Unity Package Manager local server
Mono: successfully reloaded assembly
- Finished resetting the current domain, in  0.767 seconds
Domain Reload Profiling: 1127ms
	BeginReloadAssembly (149ms)
		ExecutionOrderSort (0ms)
		DisableScriptedObjects (4ms)
		BackupInstance (0ms)
		ReleaseScriptingObjects (0ms)
		CreateAndSetChildDomain (29ms)
	RebuildCommonClasses (32ms)
	RebuildNativeTypeToScriptingClass (8ms)
	initialDomainReloadingComplete (19ms)
	LoadAllAssembliesAndSetupDomain (151ms)
		LoadAssemblies (225ms)
		RebuildTransferFunctionScriptingTraits (0ms)
		AnalyzeDomain (10ms)
			TypeCache.Refresh (5ms)
				TypeCache.ScanAssembly (0ms)
			ScanForSourceGeneratedMonoScriptInfo (0ms)
			ResolveRequiredComponents (4ms)
	FinalizeReload (767ms)
		ReleaseScriptCaches (0ms)
		RebuildScriptCaches (0ms)
		SetupLoadedEditorAssemblies (316ms)
			LogAssemblyErrors (0ms)
			InitializePlatformSupportModulesInManaged (4ms)
			SetLoadedEditorAssemblies (4ms)
			RefreshPlugins (0ms)
			BeforeProcessingInitializeOnLoad (49ms)
			ProcessInitializeOnLoadAttributes (240ms)
			ProcessInitializeOnLoadMethodAttributes (17ms)
			AfterProcessingInitializeOnLoad (2ms)
			EditorAssembliesLoaded (0ms)
		ExecutionOrderSort2 (0ms)
		AwakeInstancesAfterBackupRestoration (6ms)
Refreshing native plugins compatible for Editor in 2.75 ms, found 3 plugins.
Preloading 0 native plugins for Editor in 0.00 ms.
Unloading 3094 Unused Serialized files (Serialized files now loaded: 0)
Unloading 23 unused Assets / (31.2 KB). Loaded Objects now: 3616.
Memory consumption went from 133.5 MB to 133.5 MB.
Total: 2.987100 ms (FindLiveObjects: 0.228200 ms CreateObjectMapping: 0.079400 ms MarkObjects: 2.634900 ms  DeleteObjects: 0.044200 ms)

Prepare: number of updated asset objects reloaded= 0
AssetImportParameters requested are different than current active one (requested -> active):
  custom:scripting/monoscript/fileName/Board.cs: ffe6b5d445947efad3dda8fa2b0a2f88 -> 7c24e859fe522204ee0916c0a49bddbf
  custom:container-demuxer-ogg: 62fdf1f143b41e24485cea50d1cbac27 -> 
  custom:scripting/monoscript/fileName/IObjectTweener.cs: 84a7e2e0fba977df021a997686e06deb -> 09b75898669f92fc2e516cb4dcd01396
  custom:scripting/monoscript/fileName/InstantTweener.cs: b8f10a3ad7101fc0b69c0e601ea56b4e -> 274d331875f2e9bc4ad4252fcc1b5abc
  custom:video-decoder-ogg-theora: a1e56fd34408186e4bbccfd4996cb3dc -> 
  custom:framework-win-MediaFoundation: 216162199b28c13a410421893ffa2e32 -> 
  custom:scripting/monoscript/fileName/MaterialSetter.cs: 6da37f2811a1fddd5343b96cdabc419b -> 8b4f7137402b6052bde295e322ca4c8c
  custom:scripting/monoscript/fileName/SquareSelectorCreator.cs: 243e2b26f30ee7d396177f8479adf7ec -> bdb96c9db292854beca6d64a3ab7d96c
  custom:CustomObjectIndexerAttribute: 756ad292c208cfabdd7b50bc23989ffe -> 
  custom:container-demuxer-webm: 4f35f7cbe854078d1ac9338744f61a02 -> 
  custom:scripting/monoscript/fileName/Pawn.cs: d25b629dd07fd5cbf7e6307de1f7e665 -> 5138ce8ea5fbbaf09dd2e5247c2bd662
  custom:container-muxer-webm: aa71ff27fc2769a1b78a27578f13a17b -> 
  custom:video-decoder-webm-vp8: 9c59270c3fd7afecdb556c50c9e8de78 -> 
  custom:scripting/monoscript/fileName/ArcTweener.cs: a20cd869c5293f2795a55f79d76e4b61 -> d737a624e86a4acede31e678a6692358
  custom:SearchIndexIgnoredProperties: e643bd26f0fe6173181afceb89e7c659 -> 
  custom:AudioImporter_EditorPlatform: d09bf68614088b80899f8185d706f6e7 -> 
  custom:scripting/monoscript/fileName/Rook.cs: 2f2b7ed88ec315f6429b4b14c05426d9 -> facd266a75f4d6e1264693f3b1950919
  custom:scripting/monoscript/fileName/Bishop.cs: bee76ae3742ad7cd689823d4deebf57f -> ece8b889a798ea45b840bac00cae7c0e
  custom:scripting/monoscript/fileName/ChessGameController.cs: daece4cb13a1a309d7b0e195c53e05fd -> 0210827ffe718c7d857bcc899eee7943
  custom:video-encoder-webm-vp8: eb34c28f22e8b96e1ab97ce403110664 -> 
  custom:audio-decoder-ogg-vorbis: bf7c407c2cedff20999df2af8eb42d56 -> 
  custom:scripting/monoscript/fileName/Queen.cs: da73a665e6589ebcbc50c04396b59979 -> 4e24ad3e0eb20daf25ee0484583e6e5d
  custom:scripting/monoscript/fileName/Piece.cs: c43145177a7cf9a905d79b0d27041e47 -> 238aee5856321ce7d8540c82711f13a9
  custom:scripting/monoscript/fileName/BoardLayout.cs: 8a766edceab46d967b1b7a88fb7b7a58 -> cfef42cded70420a44a257c7740447b4
  custom:audio-encoder-webm-vorbis: bf7c407c2cedff20999df2af8eb42d56 -> 
  custom:scripting/monoscript/fileName/Knight.cs: b43b3ddf95f15527f3bbeea3fd8520ea -> 2341409d888a3f02322ae746692c07b7
  custom:scripting/monoscript/fileName/King.cs: 910bdae8683a51bf58ae073e6078d677 -> be1b705f232b125017874e03e7fe539a
  custom:scripting/monoscript/fileName/PieceCreator.cs: d60695d646ffce59d239f3f9e8c74230 -> 99e1d49159f1814e67a02ff088526e0c
  custom:scripting/monoscript/fileName/LineTweener.cs: f90d0350ff6bddba1c28f7e23388c101 -> 7a83efe8b7e07b1d8de2d98b577cf828
========================================================================
Received Prepare
Begin MonoManager ReloadAssembly
- Loaded All Assemblies, in  0.341 seconds
Refreshing native plugins compatible for Editor in 2.52 ms, found 3 plugins.
Native extension for WindowsStandalone target not found
[Package Manager] Server::EnsureServerProcessIsRunning -- launch failed, reason: Unity was launched with the -noUpm command-line argument
[Package Manager] UpmClient::Send -- Unable to send message (not connected to UPM process).
[Package Manager] Cannot connect to Unity Package Manager local server
Mono: successfully reloaded assembly
- Finished resetting the current domain, in  0.761 seconds
Domain Reload Profiling: 1101ms
	BeginReloadAssembly (143ms)
		ExecutionOrderSort (0ms)
		DisableScriptedObjects (4ms)
		BackupInstance (0ms)
		ReleaseScriptingObjects (0ms)
		CreateAndSetChildDomain (27ms)
	RebuildCommonClasses (26ms)
	RebuildNativeTypeToScriptingClass (8ms)
	initialDomainReloadingComplete (19ms)
	LoadAllAssembliesAndSetupDomain (143ms)
		LoadAssemblies (220ms)
		RebuildTransferFunctionScriptingTraits (0ms)
		AnalyzeDomain (9ms)
			TypeCache.Refresh (5ms)
				TypeCache.ScanAssembly (0ms)
			ScanForSourceGeneratedMonoScriptInfo (0ms)
			ResolveRequiredComponents (4ms)
	FinalizeReload (761ms)
		ReleaseScriptCaches (0ms)
		RebuildScriptCaches (0ms)
		SetupLoadedEditorAssemblies (313ms)
			LogAssemblyErrors (0ms)
			InitializePlatformSupportModulesInManaged (4ms)
			SetLoadedEditorAssemblies (4ms)
			RefreshPlugins (0ms)
			BeforeProcessingInitializeOnLoad (48ms)
			ProcessInitializeOnLoadAttributes (238ms)
			ProcessInitializeOnLoadMethodAttributes (18ms)
			AfterProcessingInitializeOnLoad (2ms)
			EditorAssembliesLoaded (0ms)
		ExecutionOrderSort2 (0ms)
		AwakeInstancesAfterBackupRestoration (7ms)
Refreshing native plugins compatible for Editor in 3.11 ms, found 3 plugins.
Preloading 0 native plugins for Editor in 0.00 ms.
Unloading 3094 Unused Serialized files (Serialized files now loaded: 0)
Unloading 23 unused Assets / (31.2 KB). Loaded Objects now: 3619.
Memory consumption went from 135.5 MB to 135.4 MB.
Total: 3.477400 ms (FindLiveObjects: 0.258400 ms CreateObjectMapping: 0.170900 ms MarkObjects: 2.998000 ms  DeleteObjects: 0.049000 ms)

Prepare: number of updated asset objects reloaded= 0
AssetImportParameters requested are different than current active one (requested -> active):
  custom:scripting/monoscript/fileName/Board.cs: ffe6b5d445947efad3dda8fa2b0a2f88 -> 7c24e859fe522204ee0916c0a49bddbf
  custom:container-demuxer-ogg: 62fdf1f143b41e24485cea50d1cbac27 -> 
  custom:scripting/monoscript/fileName/IObjectTweener.cs: 84a7e2e0fba977df021a997686e06deb -> 09b75898669f92fc2e516cb4dcd01396
  custom:scripting/monoscript/fileName/InstantTweener.cs: b8f10a3ad7101fc0b69c0e601ea56b4e -> 274d331875f2e9bc4ad4252fcc1b5abc
  custom:video-decoder-ogg-theora: a1e56fd34408186e4bbccfd4996cb3dc -> 
  custom:framework-win-MediaFoundation: 216162199b28c13a410421893ffa2e32 -> 
  custom:scripting/monoscript/fileName/MaterialSetter.cs: 6da37f2811a1fddd5343b96cdabc419b -> 8b4f7137402b6052bde295e322ca4c8c
  custom:scripting/monoscript/fileName/SquareSelectorCreator.cs: 243e2b26f30ee7d396177f8479adf7ec -> bdb96c9db292854beca6d64a3ab7d96c
  custom:CustomObjectIndexerAttribute: 756ad292c208cfabdd7b50bc23989ffe -> 
  custom:container-demuxer-webm: 4f35f7cbe854078d1ac9338744f61a02 -> 
  custom:scripting/monoscript/fileName/Pawn.cs: d25b629dd07fd5cbf7e6307de1f7e665 -> 5138ce8ea5fbbaf09dd2e5247c2bd662
  custom:container-muxer-webm: aa71ff27fc2769a1b78a27578f13a17b -> 
  custom:video-decoder-webm-vp8: 9c59270c3fd7afecdb556c50c9e8de78 -> 
  custom:scripting/monoscript/fileName/ArcTweener.cs: a20cd869c5293f2795a55f79d76e4b61 -> d737a624e86a4acede31e678a6692358
  custom:SearchIndexIgnoredProperties: e643bd26f0fe6173181afceb89e7c659 -> 
  custom:AudioImporter_EditorPlatform: d09bf68614088b80899f8185d706f6e7 -> 
  custom:scripting/monoscript/fileName/Rook.cs: 2f2b7ed88ec315f6429b4b14c05426d9 -> facd266a75f4d6e1264693f3b1950919
  custom:scripting/monoscript/fileName/Bishop.cs: bee76ae3742ad7cd689823d4deebf57f -> ece8b889a798ea45b840bac00cae7c0e
  custom:scripting/monoscript/fileName/ChessGameController.cs: daece4cb13a1a309d7b0e195c53e05fd -> 0210827ffe718c7d857bcc899eee7943
  custom:video-encoder-webm-vp8: eb34c28f22e8b96e1ab97ce403110664 -> 
  custom:audio-decoder-ogg-vorbis: bf7c407c2cedff20999df2af8eb42d56 -> 
  custom:scripting/monoscript/fileName/Queen.cs: da73a665e6589ebcbc50c04396b59979 -> 4e24ad3e0eb20daf25ee0484583e6e5d
  custom:scripting/monoscript/fileName/Piece.cs: c43145177a7cf9a905d79b0d27041e47 -> 238aee5856321ce7d8540c82711f13a9
  custom:scripting/monoscript/fileName/BoardLayout.cs: 8a766edceab46d967b1b7a88fb7b7a58 -> cfef42cded70420a44a257c7740447b4
  custom:audio-encoder-webm-vorbis: bf7c407c2cedff20999df2af8eb42d56 -> 
  custom:scripting/monoscript/fileName/Knight.cs: b43b3ddf95f15527f3bbeea3fd8520ea -> 2341409d888a3f02322ae746692c07b7
  custom:scripting/monoscript/fileName/King.cs: 910bdae8683a51bf58ae073e6078d677 -> be1b705f232b125017874e03e7fe539a
  custom:scripting/monoscript/fileName/PieceCreator.cs: d60695d646ffce59d239f3f9e8c74230 -> 99e1d49159f1814e67a02ff088526e0c
  custom:scripting/monoscript/fileName/LineTweener.cs: f90d0350ff6bddba1c28f7e23388c101 -> 7a83efe8b7e07b1d8de2d98b577cf828
