Using pre-set license
Built from '2022.3/staging' branch; Version is '2022.3.11f1 (d00248457e15) revision 13632072'; Using compiler version '192829333'; Build Type 'Release'
OS: 'Windows 11  (10.0.22621) 64bit Core' Language: 'en' Physical Memory: 16297 MB
BatchMode: 1, IsHumanControllingUs: 0, StartBugReporterOnCrash: 0, Is64bit: 1, IsPro: 1

COMMAND LINE ARGUMENTS:
D:\Unity\2022.3.11f1\Editor\Unity.exe
-adb2
-batchMode
-noUpm
-name
AssetImportWorker2
-projectPath
D:/Github/CS583-Final/CS583 Final
-logFile
Logs/AssetImportWorker2.log
-srvPort
62957
Successfully changed project path to: D:/Github/CS583-Final/CS583 Final
D:/Github/CS583-Final/CS583 Final
[UnityMemory] Configuration Parameters - Can be set up in boot.config
    "memorysetup-bucket-allocator-granularity=16"
    "memorysetup-bucket-allocator-bucket-count=8"
    "memorysetup-bucket-allocator-block-size=33554432"
    "memorysetup-bucket-allocator-block-count=8"
    "memorysetup-main-allocator-block-size=16777216"
    "memorysetup-thread-allocator-block-size=16777216"
    "memorysetup-gfx-main-allocator-block-size=16777216"
    "memorysetup-gfx-thread-allocator-block-size=16777216"
    "memorysetup-cache-allocator-block-size=4194304"
    "memorysetup-typetree-allocator-block-size=2097152"
    "memorysetup-profiler-bucket-allocator-granularity=16"
    "memorysetup-profiler-bucket-allocator-bucket-count=8"
    "memorysetup-profiler-bucket-allocator-block-size=33554432"
    "memorysetup-profiler-bucket-allocator-block-count=8"
    "memorysetup-profiler-allocator-block-size=16777216"
    "memorysetup-profiler-editor-allocator-block-size=1048576"
    "memorysetup-temp-allocator-size-main=16777216"
    "memorysetup-job-temp-allocator-block-size=2097152"
    "memorysetup-job-temp-allocator-block-size-background=1048576"
    "memorysetup-job-temp-allocator-reduction-small-platforms=262144"
    "memorysetup-allocator-temp-initial-block-size-main=262144"
    "memorysetup-allocator-temp-initial-block-size-worker=262144"
    "memorysetup-temp-allocator-size-background-worker=32768"
    "memorysetup-temp-allocator-size-job-worker=262144"
    "memorysetup-temp-allocator-size-preload-manager=33554432"
    "memorysetup-temp-allocator-size-nav-mesh-worker=65536"
    "memorysetup-temp-allocator-size-audio-worker=65536"
    "memorysetup-temp-allocator-size-cloud-worker=32768"
    "memorysetup-temp-allocator-size-gi-baking-worker=262144"
    "memorysetup-temp-allocator-size-gfx=262144"
Player connection [30476] Host "[IP] 10.100.80.240 [Port] 0 [Flags] 2 [Guid] 1411923310 [EditorId] 1411923310 [Version] 1048832 [Id] WindowsEditor(7,SammyScared) [Debug] 1 [PackageName] WindowsEditor [ProjectName] Editor" joined multi-casting on [225.0.0.222:54997]...

Player connection [30476] Host "[IP] 10.100.80.240 [Port] 0 [Flags] 2 [Guid] 1411923310 [EditorId] 1411923310 [Version] 1048832 [Id] WindowsEditor(7,SammyScared) [Debug] 1 [PackageName] WindowsEditor [ProjectName] Editor" joined alternative multi-casting on [225.0.0.222:34997]...

[Physics::Module] Initialized MultithreadedJobDispatcher with 23 workers.
Refreshing native plugins compatible for Editor in 40.83 ms, found 3 plugins.
Preloading 0 native plugins for Editor in 0.00 ms.
Initialize engine version: 2022.3.11f1 (d00248457e15)
[Subsystems] Discovering subsystems at path D:/Unity/2022.3.11f1/Editor/Data/Resources/UnitySubsystems
[Subsystems] Discovering subsystems at path D:/Github/CS583-Final/CS583 Final/Assets
GfxDevice: creating device client; threaded=0; jobified=0
Direct3D:
    Version:  Direct3D 11.0 [level 11.1]
    Renderer: NVIDIA GeForce RTX 2070 (ID=0x1f02)
    Vendor:   NVIDIA
    VRAM:     8019 MB
    Driver:   31.0.15.3699
Initialize mono
Mono path[0] = 'D:/Unity/2022.3.11f1/Editor/Data/Managed'
Mono path[1] = 'D:/Unity/2022.3.11f1/Editor/Data/MonoBleedingEdge/lib/mono/unityjit-win32'
Mono config path = 'D:/Unity/2022.3.11f1/Editor/Data/MonoBleedingEdge/etc'
Using monoOptions --debugger-agent=transport=dt_socket,embedding=1,server=y,suspend=n,address=127.0.0.1:56448
Begin MonoManager ReloadAssembly
Registering precompiled unity dll's ...
Register platform support module: D:/Unity/2022.3.11f1/Editor/Data/PlaybackEngines/WindowsStandaloneSupport/UnityEditor.WindowsStandalone.Extensions.dll
Registered in 0.003375 seconds.
- Loaded All Assemblies, in  0.391 seconds
Native extension for WindowsStandalone target not found
Mono: successfully reloaded assembly
- Finished resetting the current domain, in  0.222 seconds
Domain Reload Profiling: 613ms
	BeginReloadAssembly (124ms)
		ExecutionOrderSort (0ms)
		DisableScriptedObjects (0ms)
		BackupInstance (0ms)
		ReleaseScriptingObjects (0ms)
		CreateAndSetChildDomain (1ms)
	RebuildCommonClasses (52ms)
	RebuildNativeTypeToScriptingClass (8ms)
	initialDomainReloadingComplete (44ms)
	LoadAllAssembliesAndSetupDomain (162ms)
		LoadAssemblies (124ms)
		RebuildTransferFunctionScriptingTraits (0ms)
		AnalyzeDomain (160ms)
			TypeCache.Refresh (159ms)
				TypeCache.ScanAssembly (145ms)
			ScanForSourceGeneratedMonoScriptInfo (0ms)
			ResolveRequiredComponents (0ms)
	FinalizeReload (222ms)
		ReleaseScriptCaches (0ms)
		RebuildScriptCaches (0ms)
		SetupLoadedEditorAssemblies (173ms)
			LogAssemblyErrors (0ms)
			InitializePlatformSupportModulesInManaged (6ms)
			SetLoadedEditorAssemblies (7ms)
			RefreshPlugins (0ms)
			BeforeProcessingInitializeOnLoad (2ms)
			ProcessInitializeOnLoadAttributes (109ms)
			ProcessInitializeOnLoadMethodAttributes (50ms)
			AfterProcessingInitializeOnLoad (0ms)
			EditorAssembliesLoaded (0ms)
		ExecutionOrderSort2 (0ms)
		AwakeInstancesAfterBackupRestoration (0ms)
========================================================================
Worker process is ready to serve import requests
Begin MonoManager ReloadAssembly
- Loaded All Assemblies, in  0.560 seconds
Refreshing native plugins compatible for Editor in 2.89 ms, found 3 plugins.
Native extension for WindowsStandalone target not found
Package Manager log level set to [2]
[Package Manager] Server::EnsureServerProcessIsRunning -- launch failed, reason: Unity was launched with the -noUpm command-line argument
[Package Manager] UpmClient::Send -- Unable to send message (not connected to UPM process).
[Package Manager] Cannot connect to Unity Package Manager local server
Mono: successfully reloaded assembly
- Finished resetting the current domain, in  0.440 seconds
Domain Reload Profiling: 1000ms
	BeginReloadAssembly (154ms)
		ExecutionOrderSort (0ms)
		DisableScriptedObjects (5ms)
		BackupInstance (0ms)
		ReleaseScriptingObjects (0ms)
		CreateAndSetChildDomain (21ms)
	RebuildCommonClasses (28ms)
	RebuildNativeTypeToScriptingClass (9ms)
	initialDomainReloadingComplete (32ms)
	LoadAllAssembliesAndSetupDomain (337ms)
		LoadAssemblies (298ms)
		RebuildTransferFunctionScriptingTraits (0ms)
		AnalyzeDomain (137ms)
			TypeCache.Refresh (121ms)
				TypeCache.ScanAssembly (109ms)
			ScanForSourceGeneratedMonoScriptInfo (12ms)
			ResolveRequiredComponents (3ms)
	FinalizeReload (441ms)
		ReleaseScriptCaches (0ms)
		RebuildScriptCaches (0ms)
		SetupLoadedEditorAssemblies (325ms)
			LogAssemblyErrors (0ms)
			InitializePlatformSupportModulesInManaged (4ms)
			SetLoadedEditorAssemblies (2ms)
			RefreshPlugins (0ms)
			BeforeProcessingInitializeOnLoad (45ms)
			ProcessInitializeOnLoadAttributes (254ms)
			ProcessInitializeOnLoadMethodAttributes (18ms)
			AfterProcessingInitializeOnLoad (2ms)
			EditorAssembliesLoaded (0ms)
		ExecutionOrderSort2 (0ms)
		AwakeInstancesAfterBackupRestoration (6ms)
Launched and connected shader compiler UnityShaderCompiler.exe after 0.10 seconds
Refreshing native plugins compatible for Editor in 4.06 ms, found 3 plugins.
Preloading 0 native plugins for Editor in 0.00 ms.
Unloading 3100 Unused Serialized files (Serialized files now loaded: 0)
Unloading 32 unused Assets / (56.9 KB). Loaded Objects now: 3562.
Memory consumption went from 121.9 MB to 121.9 MB.
Total: 2.924200 ms (FindLiveObjects: 0.218400 ms CreateObjectMapping: 0.146300 ms MarkObjects: 2.462700 ms  DeleteObjects: 0.095900 ms)

AssetImportParameters requested are different than current active one (requested -> active):
  custom:scripting/monoscript/fileName/Board.cs: ffe6b5d445947efad3dda8fa2b0a2f88 -> 7c24e859fe522204ee0916c0a49bddbf
  custom:container-demuxer-ogg: 62fdf1f143b41e24485cea50d1cbac27 -> 
  custom:scripting/monoscript/fileName/IObjectTweener.cs: 84a7e2e0fba977df021a997686e06deb -> 600781bd6b2ec6f8c51b3cd36d77c9a4
  custom:scripting/monoscript/fileName/InstantTweener.cs: b8f10a3ad7101fc0b69c0e601ea56b4e -> 0dc24ebeb0e752bfb81762f82cbcb47b
  custom:video-decoder-ogg-theora: a1e56fd34408186e4bbccfd4996cb3dc -> 
  custom:framework-win-MediaFoundation: 216162199b28c13a410421893ffa2e32 -> 
  custom:scripting/monoscript/fileName/MaterialSetter.cs: 6da37f2811a1fddd5343b96cdabc419b -> 8b4f7137402b6052bde295e322ca4c8c
  custom:scripting/monoscript/fileName/SquareSelectorCreator.cs: 243e2b26f30ee7d396177f8479adf7ec -> bdb96c9db292854beca6d64a3ab7d96c
  custom:CustomObjectIndexerAttribute: 756ad292c208cfabdd7b50bc23989ffe -> 
  custom:container-demuxer-webm: 4f35f7cbe854078d1ac9338744f61a02 -> 
  custom:scripting/monoscript/fileName/Pawn.cs: 854be57a593bde74a27cc6a4e94cf976 -> b21687ddb03d73bd9f0c1daecb9714de
  custom:container-muxer-webm: aa71ff27fc2769a1b78a27578f13a17b -> 
  custom:video-decoder-webm-vp8: 9c59270c3fd7afecdb556c50c9e8de78 -> 
  custom:scripting/monoscript/fileName/ArcTweener.cs: a20cd869c5293f2795a55f79d76e4b61 -> 7be77727426a87e0bb74487ca88602f8
  custom:SearchIndexIgnoredProperties: e643bd26f0fe6173181afceb89e7c659 -> 
  custom:AudioImporter_EditorPlatform: d09bf68614088b80899f8185d706f6e7 -> 
  custom:scripting/monoscript/fileName/Rook.cs: 2f2b7ed88ec315f6429b4b14c05426d9 -> facd266a75f4d6e1264693f3b1950919
  custom:scripting/monoscript/fileName/Bishop.cs: bee76ae3742ad7cd689823d4deebf57f -> ece8b889a798ea45b840bac00cae7c0e
  custom:scripting/monoscript/fileName/ChessGameController.cs: daece4cb13a1a309d7b0e195c53e05fd -> 0210827ffe718c7d857bcc899eee7943
  custom:video-encoder-webm-vp8: eb34c28f22e8b96e1ab97ce403110664 -> 
  custom:audio-decoder-ogg-vorbis: bf7c407c2cedff20999df2af8eb42d56 -> 
  custom:scripting/monoscript/fileName/Queen.cs: da73a665e6589ebcbc50c04396b59979 -> 4e24ad3e0eb20daf25ee0484583e6e5d
  custom:scripting/monoscript/fileName/Piece.cs: c43145177a7cf9a905d79b0d27041e47 -> 238aee5856321ce7d8540c82711f13a9
  custom:scripting/monoscript/fileName/BoardLayout.cs: 8a766edceab46d967b1b7a88fb7b7a58 -> cfef42cded70420a44a257c7740447b4
  custom:audio-encoder-webm-vorbis: bf7c407c2cedff20999df2af8eb42d56 -> 
  custom:scripting/monoscript/fileName/Knight.cs: b43b3ddf95f15527f3bbeea3fd8520ea -> 2341409d888a3f02322ae746692c07b7
  custom:scripting/monoscript/fileName/King.cs: 910bdae8683a51bf58ae073e6078d677 -> be1b705f232b125017874e03e7fe539a
  custom:scripting/monoscript/fileName/PieceCreator.cs: d60695d646ffce59d239f3f9e8c74230 -> 99e1d49159f1814e67a02ff088526e0c
  custom:scripting/monoscript/fileName/LineTweener.cs: f90d0350ff6bddba1c28f7e23388c101 -> 6db66529a3f1ea766de6e3ae85a9a0bb
========================================================================
Received Import Request.
  Time since last request: 15802.171495 seconds.
  path: Assets/Prefabs/Bishop.prefab
  artifactKey: Guid(4b691646b6d23c24a9088fa047ef6395) Importer(815301076,1909f56bfc062723c751e8b465ee728b)
Start importing Assets/Prefabs/Bishop.prefab using Guid(4b691646b6d23c24a9088fa047ef6395) Importer(815301076,1909f56bfc062723c751e8b465ee728b)  -> (artifact id: 'ce0cc8775b5f82cacbdc914283230786') in 0.088978 seconds
Number of updated asset objects reloaded before import = 0
Number of asset objects unloaded after import = 10
========================================================================
Received Import Request.
  Time since last request: 8.409116 seconds.
  path: Assets/Prefabs/King.prefab
  artifactKey: Guid(81e0010851b36534abf8840193233e96) Importer(815301076,1909f56bfc062723c751e8b465ee728b)
Start importing Assets/Prefabs/King.prefab using Guid(81e0010851b36534abf8840193233e96) Importer(815301076,1909f56bfc062723c751e8b465ee728b)  -> (artifact id: '1eb8c5c9b008bb3faa68fa4c9405e48f') in 0.005725 seconds
Number of updated asset objects reloaded before import = 0
Number of asset objects unloaded after import = 10
========================================================================
Received Import Request.
  Time since last request: 4.226800 seconds.
  path: Assets/Prefabs/White.prefab
  artifactKey: Guid(51b18f7c2a8edd541a38a34df767ac79) Importer(815301076,1909f56bfc062723c751e8b465ee728b)
Start importing Assets/Prefabs/White.prefab using Guid(51b18f7c2a8edd541a38a34df767ac79) Importer(815301076,1909f56bfc062723c751e8b465ee728b)  -> (artifact id: 'e2bbd985f9ce163488b50a3fab581415') in 0.006429 seconds
Number of updated asset objects reloaded before import = 0
Number of asset objects unloaded after import = 10
========================================================================
Received Import Request.
  Time since last request: 3.963056 seconds.
  path: Assets/Prefabs/Knight.prefab
  artifactKey: Guid(51b18f7c2a8edd541a38a34df767ac79) Importer(815301076,1909f56bfc062723c751e8b465ee728b)
Start importing Assets/Prefabs/Knight.prefab using Guid(51b18f7c2a8edd541a38a34df767ac79) Importer(815301076,1909f56bfc062723c751e8b465ee728b)  -> (artifact id: 'beefede8918e546797c04e0e0e5062ab') in 0.005687 seconds
Number of updated asset objects reloaded before import = 0
Number of asset objects unloaded after import = 10
========================================================================
Received Import Request.
  Time since last request: 4.472552 seconds.
  path: Assets/Prefabs/Pawn.prefab
  artifactKey: Guid(c822b9323d90ddb41a1cfb17e60e8777) Importer(815301076,1909f56bfc062723c751e8b465ee728b)
Start importing Assets/Prefabs/Pawn.prefab using Guid(c822b9323d90ddb41a1cfb17e60e8777) Importer(815301076,1909f56bfc062723c751e8b465ee728b)  -> (artifact id: '0f8ba01d0bd82cd37b6ee8ea4b1af40a') in 0.005323 seconds
Number of updated asset objects reloaded before import = 0
Number of asset objects unloaded after import = 10
========================================================================
Received Import Request.
  Time since last request: 4.408342 seconds.
  path: Assets/Prefabs/Queen.prefab
  artifactKey: Guid(4608b18191b04dc47a2fac378917b819) Importer(815301076,1909f56bfc062723c751e8b465ee728b)
Start importing Assets/Prefabs/Queen.prefab using Guid(4608b18191b04dc47a2fac378917b819) Importer(815301076,1909f56bfc062723c751e8b465ee728b)  -> (artifact id: '433e96f14693e952a3869bf667b985d8') in 0.005496 seconds
Number of updated asset objects reloaded before import = 0
Number of asset objects unloaded after import = 10
========================================================================
Received Import Request.
  Time since last request: 3.298458 seconds.
  path: Assets/Prefabs/Rook.prefab
  artifactKey: Guid(14f82ee3ed14dc341b0a2e9757c26f70) Importer(815301076,1909f56bfc062723c751e8b465ee728b)
Start importing Assets/Prefabs/Rook.prefab using Guid(14f82ee3ed14dc341b0a2e9757c26f70) Importer(815301076,1909f56bfc062723c751e8b465ee728b)  -> (artifact id: 'c73a802e333a096c37ec0ed5eb411d18') in 0.005595 seconds
Number of updated asset objects reloaded before import = 0
Number of asset objects unloaded after import = 10
========================================================================
Received Import Request.
  Time since last request: 20.807291 seconds.
  path: Assets/Prefabs/Bishop.prefab
  artifactKey: Guid(4b691646b6d23c24a9088fa047ef6395) Importer(815301076,1909f56bfc062723c751e8b465ee728b)
Start importing Assets/Prefabs/Bishop.prefab using Guid(4b691646b6d23c24a9088fa047ef6395) Importer(815301076,1909f56bfc062723c751e8b465ee728b)  -> (artifact id: '8e7f590479a5a2d0c1601b49b52fdc87') in 0.005365 seconds
Number of updated asset objects reloaded before import = 0
Number of asset objects unloaded after import = 9
========================================================================
Received Import Request.
  Time since last request: 0.013104 seconds.
  path: Assets/Prefabs/King.prefab
  artifactKey: Guid(81e0010851b36534abf8840193233e96) Importer(815301076,1909f56bfc062723c751e8b465ee728b)
Start importing Assets/Prefabs/King.prefab using Guid(81e0010851b36534abf8840193233e96) Importer(815301076,1909f56bfc062723c751e8b465ee728b)  -> (artifact id: '89e0b96d905c5c45c2736315f871fb77') in 0.005255 seconds
Number of updated asset objects reloaded before import = 0
Number of asset objects unloaded after import = 9
========================================================================
Received Import Request.
  Time since last request: 0.004557 seconds.
  path: Assets/Prefabs/Pawn.prefab
  artifactKey: Guid(c822b9323d90ddb41a1cfb17e60e8777) Importer(815301076,1909f56bfc062723c751e8b465ee728b)
Start importing Assets/Prefabs/Pawn.prefab using Guid(c822b9323d90ddb41a1cfb17e60e8777) Importer(815301076,1909f56bfc062723c751e8b465ee728b)  -> (artifact id: 'd51062ded32a0b5faa9a45f3f8d3c4b3') in 0.005759 seconds
Number of updated asset objects reloaded before import = 0
Number of asset objects unloaded after import = 9
========================================================================
Received Import Request.
  Time since last request: 0.000013 seconds.
  path: Assets/Prefabs/Rook.prefab
  artifactKey: Guid(14f82ee3ed14dc341b0a2e9757c26f70) Importer(815301076,1909f56bfc062723c751e8b465ee728b)
Start importing Assets/Prefabs/Rook.prefab using Guid(14f82ee3ed14dc341b0a2e9757c26f70) Importer(815301076,1909f56bfc062723c751e8b465ee728b)  -> (artifact id: '1d6bc6e34fd6b0ac706b0c161642c7cd') in 0.005764 seconds
Number of updated asset objects reloaded before import = 0
Number of asset objects unloaded after import = 9
========================================================================
Received Import Request.
  Time since last request: 26.343930 seconds.
  path: Assets/Chess Game/Scipts/pieces/Bishop.cs
  artifactKey: Guid(797284e8fa766024e86ae2d0b1b163ea) Importer(815301076,1909f56bfc062723c751e8b465ee728b)
Start importing Assets/Chess Game/Scipts/pieces/Bishop.cs using Guid(797284e8fa766024e86ae2d0b1b163ea) Importer(815301076,1909f56bfc062723c751e8b465ee728b)  -> (artifact id: '973207aecd1d942f47c8ef2850b7a5e9') in 0.000449 seconds
Number of updated asset objects reloaded before import = 0
Number of asset objects unloaded after import = 0
========================================================================
Received Import Request.
  Time since last request: 31.297622 seconds.
  path: Assets/Chess Game/Scipts/pieces/Bishop.cs
  artifactKey: Guid(797284e8fa766024e86ae2d0b1b163ea) Importer(815301076,1909f56bfc062723c751e8b465ee728b)
Start importing Assets/Chess Game/Scipts/pieces/Bishop.cs using Guid(797284e8fa766024e86ae2d0b1b163ea) Importer(815301076,1909f56bfc062723c751e8b465ee728b)  -> (artifact id: 'e485c9910c81035cf1395a552c745a55') in 0.000416 seconds
Number of updated asset objects reloaded before import = 0
Number of asset objects unloaded after import = 0
========================================================================
Received Import Request.
  Time since last request: 56.151669 seconds.
  path: Assets/Chess Game/Scipts/pieces/King.cs
  artifactKey: Guid(35fa5c34bb80456468527c6d9dfcf23a) Importer(815301076,1909f56bfc062723c751e8b465ee728b)
Start importing Assets/Chess Game/Scipts/pieces/King.cs using Guid(35fa5c34bb80456468527c6d9dfcf23a) Importer(815301076,1909f56bfc062723c751e8b465ee728b)  -> (artifact id: 'e0e8e00447c9c54d7b46cd7904f5fa91') in 0.000408 seconds
Number of updated asset objects reloaded before import = 0
Number of asset objects unloaded after import = 0
========================================================================
Received Import Request.
  Time since last request: 19.589895 seconds.
  path: Assets/Chess Game/Scipts/pieces/King.cs
  artifactKey: Guid(35fa5c34bb80456468527c6d9dfcf23a) Importer(815301076,1909f56bfc062723c751e8b465ee728b)
Start importing Assets/Chess Game/Scipts/pieces/King.cs using Guid(35fa5c34bb80456468527c6d9dfcf23a) Importer(815301076,1909f56bfc062723c751e8b465ee728b)  -> (artifact id: 'bedab026d2690027d8d2516662bf8615') in 0.000393 seconds
Number of updated asset objects reloaded before import = 0
Number of asset objects unloaded after import = 0
========================================================================
Received Import Request.
  Time since last request: 14.180085 seconds.
  path: Assets/Chess Game/Scipts/pieces/Knight.cs
  artifactKey: Guid(047339a3221810e4c9ab4b001a11fc2c) Importer(815301076,1909f56bfc062723c751e8b465ee728b)
Start importing Assets/Chess Game/Scipts/pieces/Knight.cs using Guid(047339a3221810e4c9ab4b001a11fc2c) Importer(815301076,1909f56bfc062723c751e8b465ee728b)  -> (artifact id: '784f909cefeaeb9221dfde2fafc73789') in 0.000389 seconds
Number of updated asset objects reloaded before import = 0
Number of asset objects unloaded after import = 0
========================================================================
Received Import Request.
  Time since last request: 11.211869 seconds.
  path: Assets/Chess Game/Scipts/pieces/Knight.cs
  artifactKey: Guid(047339a3221810e4c9ab4b001a11fc2c) Importer(815301076,1909f56bfc062723c751e8b465ee728b)
Start importing Assets/Chess Game/Scipts/pieces/Knight.cs using Guid(047339a3221810e4c9ab4b001a11fc2c) Importer(815301076,1909f56bfc062723c751e8b465ee728b)  -> (artifact id: '910d9f4807a5de64c22bc6cdab0883a8') in 0.000411 seconds
Number of updated asset objects reloaded before import = 0
Number of asset objects unloaded after import = 0
========================================================================
Received Import Request.
  Time since last request: 2.252113 seconds.
  path: Assets/Chess Game/Scipts/pieces/Pawn.cs
  artifactKey: Guid(3155c642e93f521419a5dab8dca4bbe8) Importer(815301076,1909f56bfc062723c751e8b465ee728b)
Start importing Assets/Chess Game/Scipts/pieces/Pawn.cs using Guid(3155c642e93f521419a5dab8dca4bbe8) Importer(815301076,1909f56bfc062723c751e8b465ee728b)  -> (artifact id: '8bd80c9376d61ecc015c635890b9dbda') in 0.000374 seconds
Number of updated asset objects reloaded before import = 0
Number of asset objects unloaded after import = 0
========================================================================
Received Import Request.
  Time since last request: 6.505421 seconds.
  path: Assets/Chess Game/Scipts/pieces/Pawn.cs
  artifactKey: Guid(3155c642e93f521419a5dab8dca4bbe8) Importer(815301076,1909f56bfc062723c751e8b465ee728b)
Start importing Assets/Chess Game/Scipts/pieces/Pawn.cs using Guid(3155c642e93f521419a5dab8dca4bbe8) Importer(815301076,1909f56bfc062723c751e8b465ee728b)  -> (artifact id: '25608bc91a6e99479752df5b3ee556e4') in 0.000382 seconds
Number of updated asset objects reloaded before import = 0
Number of asset objects unloaded after import = 0
========================================================================
Received Import Request.
  Time since last request: 1.762419 seconds.
  path: Assets/Chess Game/Scipts/pieces/Queen.cs
  artifactKey: Guid(3e803dc834d8f6b4fa387e9a8e33a397) Importer(815301076,1909f56bfc062723c751e8b465ee728b)
Start importing Assets/Chess Game/Scipts/pieces/Queen.cs using Guid(3e803dc834d8f6b4fa387e9a8e33a397) Importer(815301076,1909f56bfc062723c751e8b465ee728b)  -> (artifact id: '7464675ce54264e20085fd04d70c1a2d') in 0.000386 seconds
Number of updated asset objects reloaded before import = 0
Number of asset objects unloaded after import = 0
========================================================================
Received Import Request.
  Time since last request: 6.656620 seconds.
  path: Assets/Chess Game/Scipts/pieces/Queen.cs
  artifactKey: Guid(3e803dc834d8f6b4fa387e9a8e33a397) Importer(815301076,1909f56bfc062723c751e8b465ee728b)
Start importing Assets/Chess Game/Scipts/pieces/Queen.cs using Guid(3e803dc834d8f6b4fa387e9a8e33a397) Importer(815301076,1909f56bfc062723c751e8b465ee728b)  -> (artifact id: '05bf3893692bc3af1202049843452ad8') in 0.000385 seconds
Number of updated asset objects reloaded before import = 0
Number of asset objects unloaded after import = 0
========================================================================
Received Import Request.
  Time since last request: 5.677941 seconds.
  path: Assets/Chess Game/Scipts/pieces/Rook.cs
  artifactKey: Guid(ce3c4b1edb98e5b4caaed39155fdbaba) Importer(815301076,1909f56bfc062723c751e8b465ee728b)
Start importing Assets/Chess Game/Scipts/pieces/Rook.cs using Guid(ce3c4b1edb98e5b4caaed39155fdbaba) Importer(815301076,1909f56bfc062723c751e8b465ee728b)  -> (artifact id: '79fe94d4216dd93b37ba73f58a0bc609') in 0.000379 seconds
Number of updated asset objects reloaded before import = 0
Number of asset objects unloaded after import = 0
========================================================================
Received Import Request.
  Time since last request: 1.909853 seconds.
  path: Assets/Chess Game/Scipts/pieces/Rook.cs
  artifactKey: Guid(ce3c4b1edb98e5b4caaed39155fdbaba) Importer(815301076,1909f56bfc062723c751e8b465ee728b)
Start importing Assets/Chess Game/Scipts/pieces/Rook.cs using Guid(ce3c4b1edb98e5b4caaed39155fdbaba) Importer(815301076,1909f56bfc062723c751e8b465ee728b)  -> (artifact id: '9127ae84fb0f1bd6eeee97352b650bfa') in 0.000389 seconds
Number of updated asset objects reloaded before import = 0
Number of asset objects unloaded after import = 0
========================================================================
Received Import Request.
  Time since last request: 29.672945 seconds.
  path: Assets/Chess Game/Scipts/Board.cs
  artifactKey: Guid(ac41845b08961944c859b46c04f55db3) Importer(815301076,1909f56bfc062723c751e8b465ee728b)
Start importing Assets/Chess Game/Scipts/Board.cs using Guid(ac41845b08961944c859b46c04f55db3) Importer(815301076,1909f56bfc062723c751e8b465ee728b)  -> (artifact id: '4e783e3733d45e642ad388fbbc87538d') in 0.000407 seconds
Number of updated asset objects reloaded before import = 0
Number of asset objects unloaded after import = 0
========================================================================
Received Import Request.
  Time since last request: 3.386975 seconds.
  path: Assets/Chess Game/Scipts/BoardLayout.cs
  artifactKey: Guid(43ebb3fdb07880a4483a4facde4b3137) Importer(815301076,1909f56bfc062723c751e8b465ee728b)
Start importing Assets/Chess Game/Scipts/BoardLayout.cs using Guid(43ebb3fdb07880a4483a4facde4b3137) Importer(815301076,1909f56bfc062723c751e8b465ee728b)  -> (artifact id: '28866d7cdb5a70d4c2e26ee771beb916') in 0.000385 seconds
Number of updated asset objects reloaded before import = 0
Number of asset objects unloaded after import = 0
========================================================================
Received Import Request.
  Time since last request: 4.667552 seconds.
  path: Assets/Chess Game/Scipts/MaterialSetter.cs
  artifactKey: Guid(833c62b85968954489b67423b632524d) Importer(815301076,1909f56bfc062723c751e8b465ee728b)
Start importing Assets/Chess Game/Scipts/MaterialSetter.cs using Guid(833c62b85968954489b67423b632524d) Importer(815301076,1909f56bfc062723c751e8b465ee728b)  -> (artifact id: '8e735d3d0e1ae77ca85dd9c5dcc29a4c') in 0.000409 seconds
Number of updated asset objects reloaded before import = 0
Number of asset objects unloaded after import = 0
========================================================================
Received Import Request.
  Time since last request: 2.980128 seconds.
  path: Assets/Chess Game/Scipts/ChessGameController.cs
  artifactKey: Guid(69285694c1912c343934e339e9b8a717) Importer(815301076,1909f56bfc062723c751e8b465ee728b)
Start importing Assets/Chess Game/Scipts/ChessGameController.cs using Guid(69285694c1912c343934e339e9b8a717) Importer(815301076,1909f56bfc062723c751e8b465ee728b)  -> (artifact id: '56f88c964ff0c55d3b4bc061e10e8fba') in 0.000388 seconds
Number of updated asset objects reloaded before import = 0
Number of asset objects unloaded after import = 0
========================================================================
Received Import Request.
  Time since last request: 8.307960 seconds.
  path: Assets/Chess Game/Scipts/Piece.cs
  artifactKey: Guid(afe060aedc41c9b4892a5f89653200ad) Importer(815301076,1909f56bfc062723c751e8b465ee728b)
Start importing Assets/Chess Game/Scipts/Piece.cs using Guid(afe060aedc41c9b4892a5f89653200ad) Importer(815301076,1909f56bfc062723c751e8b465ee728b)  -> (artifact id: '701525d1d8d7a7ffdd6b0cea2f46d384') in 0.000390 seconds
Number of updated asset objects reloaded before import = 0
Number of asset objects unloaded after import = 0
========================================================================
Received Import Request.
  Time since last request: 13.236890 seconds.
  path: Assets/Chess Game/Scipts/SquareSelectorCreator.cs
  artifactKey: Guid(626bac6ef0b5e664c936fc7e65f6dc68) Importer(815301076,1909f56bfc062723c751e8b465ee728b)
Start importing Assets/Chess Game/Scipts/SquareSelectorCreator.cs using Guid(626bac6ef0b5e664c936fc7e65f6dc68) Importer(815301076,1909f56bfc062723c751e8b465ee728b)  -> (artifact id: 'b7f442b55263aba6856260c6d90631d9') in 0.000400 seconds
Number of updated asset objects reloaded before import = 0
Number of asset objects unloaded after import = 0
========================================================================
Received Import Request.
  Time since last request: 1.815554 seconds.
  path: Assets/Chess Game/Scipts/TeamColor.cs
  artifactKey: Guid(9e5ff49fa6d7f8a4fb5178f57d0370b6) Importer(815301076,1909f56bfc062723c751e8b465ee728b)
Start importing Assets/Chess Game/Scipts/TeamColor.cs using Guid(9e5ff49fa6d7f8a4fb5178f57d0370b6) Importer(815301076,1909f56bfc062723c751e8b465ee728b)  -> (artifact id: '2209b7c3ef2730016794c12d0034ae92') in 0.000436 seconds
Number of updated asset objects reloaded before import = 0
Number of asset objects unloaded after import = 0
========================================================================
Received Import Request.
  Time since last request: 1.335629 seconds.
  path: Assets/Chess Game/Scipts/PieceCreator.cs
  artifactKey: Guid(8612c24201b9371408e0a03afc68b074) Importer(815301076,1909f56bfc062723c751e8b465ee728b)
Start importing Assets/Chess Game/Scipts/PieceCreator.cs using Guid(8612c24201b9371408e0a03afc68b074) Importer(815301076,1909f56bfc062723c751e8b465ee728b)  -> (artifact id: '078e4a6b1401d11edb3cd209164dc669') in 0.000385 seconds
Number of updated asset objects reloaded before import = 0
Number of asset objects unloaded after import = 0
========================================================================
Received Import Request.
  Time since last request: 172.964446 seconds.
  path: Assets/Chess Game/Scipts/MaterialSetter.cs
  artifactKey: Guid(833c62b85968954489b67423b632524d) Importer(815301076,1909f56bfc062723c751e8b465ee728b)
Start importing Assets/Chess Game/Scipts/MaterialSetter.cs using Guid(833c62b85968954489b67423b632524d) Importer(815301076,1909f56bfc062723c751e8b465ee728b)  -> (artifact id: '0ffe8c179d95e03919abaee3cba78cdf') in 0.000452 seconds
Number of updated asset objects reloaded before import = 0
Number of asset objects unloaded after import = 0
========================================================================
Received Import Request.
  Time since last request: 92.913946 seconds.
  path: Assets/Chess Game/Scipts/ChessPlayer.cs
  artifactKey: Guid(388eb9eee0d662947bd448014acc082e) Importer(815301076,1909f56bfc062723c751e8b465ee728b)
Start importing Assets/Chess Game/Scipts/ChessPlayer.cs using Guid(388eb9eee0d662947bd448014acc082e) Importer(815301076,1909f56bfc062723c751e8b465ee728b)  -> (artifact id: 'adc3c9c0acf099beeaf02a79af014df6') in 0.000443 seconds
Number of updated asset objects reloaded before import = 0
Number of asset objects unloaded after import = 0
========================================================================
Received Import Request.
  Time since last request: 28.697428 seconds.
  path: Assets/Chess Game/Scipts/ChessPlayer.cs
  artifactKey: Guid(388eb9eee0d662947bd448014acc082e) Importer(815301076,1909f56bfc062723c751e8b465ee728b)
Start importing Assets/Chess Game/Scipts/ChessPlayer.cs using Guid(388eb9eee0d662947bd448014acc082e) Importer(815301076,1909f56bfc062723c751e8b465ee728b)  -> (artifact id: '2532eedd1d06c3972b344b9d6f3fa63f') in 0.000447 seconds
Number of updated asset objects reloaded before import = 0
Number of asset objects unloaded after import = 0
========================================================================
Received Import Request.
  Time since last request: 26.800313 seconds.
  path: Assets/Material/Black Color.mat
  artifactKey: Guid(c615b24c6a718bb4a9a2c4fca993d14c) Importer(815301076,1909f56bfc062723c751e8b465ee728b)
Start importing Assets/Material/Black Color.mat using Guid(c615b24c6a718bb4a9a2c4fca993d14c) Importer(815301076,1909f56bfc062723c751e8b465ee728b)  -> (artifact id: 'f0aa3762fb303533a7c741848e955cfa') in 0.026253 seconds
Number of updated asset objects reloaded before import = 0
Number of asset objects unloaded after import = 1
========================================================================
Received Import Request.
  Time since last request: 4.879670 seconds.
  path: Assets/Prefabs/Bishop.prefab
  artifactKey: Guid(4b691646b6d23c24a9088fa047ef6395) Importer(815301076,1909f56bfc062723c751e8b465ee728b)
Start importing Assets/Prefabs/Bishop.prefab using Guid(4b691646b6d23c24a9088fa047ef6395) Importer(815301076,1909f56bfc062723c751e8b465ee728b)  -> (artifact id: '5ae7cb2c10041e633b26755221708905') in 0.006275 seconds
Number of updated asset objects reloaded before import = 0
Number of asset objects unloaded after import = 10
========================================================================
Received Import Request.
  Time since last request: 20.933627 seconds.
  path: Assets/Prefabs/King.prefab
  artifactKey: Guid(81e0010851b36534abf8840193233e96) Importer(815301076,1909f56bfc062723c751e8b465ee728b)
Start importing Assets/Prefabs/King.prefab using Guid(81e0010851b36534abf8840193233e96) Importer(815301076,1909f56bfc062723c751e8b465ee728b)  -> (artifact id: '27dba6be3daa9273b9dafce1ffbcda1f') in 0.005698 seconds
Number of updated asset objects reloaded before import = 0
Number of asset objects unloaded after import = 10
========================================================================
Received Import Request.
  Time since last request: 3.997833 seconds.
  path: Assets/Prefabs/Knight.prefab
  artifactKey: Guid(51b18f7c2a8edd541a38a34df767ac79) Importer(815301076,1909f56bfc062723c751e8b465ee728b)
Start importing Assets/Prefabs/Knight.prefab using Guid(51b18f7c2a8edd541a38a34df767ac79) Importer(815301076,1909f56bfc062723c751e8b465ee728b)  -> (artifact id: '7961535a6adda3f9e78517336b080a7b') in 0.005996 seconds
Number of updated asset objects reloaded before import = 0
Number of asset objects unloaded after import = 10
========================================================================
Received Import Request.
  Time since last request: 3.709304 seconds.
  path: Assets/Prefabs/Pawn.prefab
  artifactKey: Guid(c822b9323d90ddb41a1cfb17e60e8777) Importer(815301076,1909f56bfc062723c751e8b465ee728b)
Start importing Assets/Prefabs/Pawn.prefab using Guid(c822b9323d90ddb41a1cfb17e60e8777) Importer(815301076,1909f56bfc062723c751e8b465ee728b)  -> (artifact id: '0a7b9520a0d5a29cdb063cf4aded4d88') in 0.020537 seconds
Number of updated asset objects reloaded before import = 0
Number of asset objects unloaded after import = 10
========================================================================
Received Import Request.
  Time since last request: 4.314696 seconds.
  path: Assets/Prefabs/Queen.prefab
  artifactKey: Guid(4608b18191b04dc47a2fac378917b819) Importer(815301076,1909f56bfc062723c751e8b465ee728b)
Start importing Assets/Prefabs/Queen.prefab using Guid(4608b18191b04dc47a2fac378917b819) Importer(815301076,1909f56bfc062723c751e8b465ee728b)  -> (artifact id: '4d0229638a6727ebe4c64a9998452cb9') in 0.007224 seconds
Number of updated asset objects reloaded before import = 0
Number of asset objects unloaded after import = 10
========================================================================
Received Import Request.
  Time since last request: 4.526634 seconds.
  path: Assets/Prefabs/Rook.prefab
  artifactKey: Guid(14f82ee3ed14dc341b0a2e9757c26f70) Importer(815301076,1909f56bfc062723c751e8b465ee728b)
Start importing Assets/Prefabs/Rook.prefab using Guid(14f82ee3ed14dc341b0a2e9757c26f70) Importer(815301076,1909f56bfc062723c751e8b465ee728b)  -> (artifact id: 'b285f6d285ef52120ac1f8030478db35') in 0.005876 seconds
Number of updated asset objects reloaded before import = 0
Number of asset objects unloaded after import = 10
========================================================================
Received Import Request.
  Time since last request: 195.128952 seconds.
  path: Assets/Prefabs/King.prefab
  artifactKey: Guid(81e0010851b36534abf8840193233e96) Importer(815301076,1909f56bfc062723c751e8b465ee728b)
Start importing Assets/Prefabs/King.prefab using Guid(81e0010851b36534abf8840193233e96) Importer(815301076,1909f56bfc062723c751e8b465ee728b)  -> (artifact id: '1b0d7522888fbef280efb809d28aa182') in 0.007070 seconds
Number of updated asset objects reloaded before import = 0
Number of asset objects unloaded after import = 10
========================================================================
Received Import Request.
  Time since last request: 0.000013 seconds.
  path: Assets/Prefabs/Pawn.prefab
  artifactKey: Guid(c822b9323d90ddb41a1cfb17e60e8777) Importer(815301076,1909f56bfc062723c751e8b465ee728b)
Start importing Assets/Prefabs/Pawn.prefab using Guid(c822b9323d90ddb41a1cfb17e60e8777) Importer(815301076,1909f56bfc062723c751e8b465ee728b)  -> (artifact id: '2a51215f003a84e279d6738e17276316') in 0.005207 seconds
Number of updated asset objects reloaded before import = 0
Number of asset objects unloaded after import = 10
========================================================================
Received Import Request.
  Time since last request: 0.000010 seconds.
  path: Assets/Prefabs/Rook.prefab
  artifactKey: Guid(14f82ee3ed14dc341b0a2e9757c26f70) Importer(815301076,1909f56bfc062723c751e8b465ee728b)
Start importing Assets/Prefabs/Rook.prefab using Guid(14f82ee3ed14dc341b0a2e9757c26f70) Importer(815301076,1909f56bfc062723c751e8b465ee728b)  -> (artifact id: '2cb6f425b4dad9cb394126c8bcc181cd') in 0.005490 seconds
Number of updated asset objects reloaded before import = 0
Number of asset objects unloaded after import = 10
========================================================================
Received Import Request.
  Time since last request: 8.769215 seconds.
  path: Assets/Chess Game/Scipts/pieces/Bishop.cs
  artifactKey: Guid(797284e8fa766024e86ae2d0b1b163ea) Importer(815301076,1909f56bfc062723c751e8b465ee728b)
Start importing Assets/Chess Game/Scipts/pieces/Bishop.cs using Guid(797284e8fa766024e86ae2d0b1b163ea) Importer(815301076,1909f56bfc062723c751e8b465ee728b)  -> (artifact id: '754b217a865c4e79d3ae9c10e6434392') in 0.000501 seconds
Number of updated asset objects reloaded before import = 0
Number of asset objects unloaded after import = 0
========================================================================
Received Import Request.
  Time since last request: 3.724584 seconds.
  path: Assets/Chess Game/Scipts/pieces/Bishop.cs
  artifactKey: Guid(797284e8fa766024e86ae2d0b1b163ea) Importer(815301076,1909f56bfc062723c751e8b465ee728b)
Start importing Assets/Chess Game/Scipts/pieces/Bishop.cs using Guid(797284e8fa766024e86ae2d0b1b163ea) Importer(815301076,1909f56bfc062723c751e8b465ee728b)  -> (artifact id: '35ffa07c79ad36c82e4e4142c51ab174') in 0.000387 seconds
Number of updated asset objects reloaded before import = 0
Number of asset objects unloaded after import = 0
========================================================================
Received Import Request.
  Time since last request: 4.018938 seconds.
  path: Assets/Chess Game/Scipts/pieces/Pawn.cs
  artifactKey: Guid(3155c642e93f521419a5dab8dca4bbe8) Importer(815301076,1909f56bfc062723c751e8b465ee728b)
Start importing Assets/Chess Game/Scipts/pieces/Pawn.cs using Guid(3155c642e93f521419a5dab8dca4bbe8) Importer(815301076,1909f56bfc062723c751e8b465ee728b)  -> (artifact id: '6dba1b05f28f79b020fd44bf616d3301') in 0.000374 seconds
Number of updated asset objects reloaded before import = 0
Number of asset objects unloaded after import = 0
========================================================================
Received Import Request.
  Time since last request: 3.478511 seconds.
  path: Assets/Chess Game/Scipts/pieces/Queen.cs
  artifactKey: Guid(3e803dc834d8f6b4fa387e9a8e33a397) Importer(815301076,1909f56bfc062723c751e8b465ee728b)
Start importing Assets/Chess Game/Scipts/pieces/Queen.cs using Guid(3e803dc834d8f6b4fa387e9a8e33a397) Importer(815301076,1909f56bfc062723c751e8b465ee728b)  -> (artifact id: '51c8c5b44a00790559ed9b35706b84b0') in 0.000419 seconds
Number of updated asset objects reloaded before import = 0
Number of asset objects unloaded after import = 0
========================================================================
Received Prepare
Begin MonoManager ReloadAssembly
- Loaded All Assemblies, in  0.367 seconds
Refreshing native plugins compatible for Editor in 2.60 ms, found 3 plugins.
Native extension for WindowsStandalone target not found
[Package Manager] Server::EnsureServerProcessIsRunning -- launch failed, reason: Unity was launched with the -noUpm command-line argument
[Package Manager] UpmClient::Send -- Unable to send message (not connected to UPM process).
[Package Manager] Cannot connect to Unity Package Manager local server
Mono: successfully reloaded assembly
- Finished resetting the current domain, in  0.763 seconds
Domain Reload Profiling: 1130ms
	BeginReloadAssembly (148ms)
		ExecutionOrderSort (0ms)
		DisableScriptedObjects (4ms)
		BackupInstance (0ms)
		ReleaseScriptingObjects (0ms)
		CreateAndSetChildDomain (32ms)
	RebuildCommonClasses (27ms)
	RebuildNativeTypeToScriptingClass (9ms)
	initialDomainReloadingComplete (24ms)
	LoadAllAssembliesAndSetupDomain (159ms)
		LoadAssemblies (228ms)
		RebuildTransferFunctionScriptingTraits (0ms)
		AnalyzeDomain (17ms)
			TypeCache.Refresh (7ms)
				TypeCache.ScanAssembly (0ms)
			ScanForSourceGeneratedMonoScriptInfo (5ms)
			ResolveRequiredComponents (3ms)
	FinalizeReload (763ms)
		ReleaseScriptCaches (0ms)
		RebuildScriptCaches (0ms)
		SetupLoadedEditorAssemblies (289ms)
			LogAssemblyErrors (0ms)
			InitializePlatformSupportModulesInManaged (4ms)
			SetLoadedEditorAssemblies (3ms)
			RefreshPlugins (0ms)
			BeforeProcessingInitializeOnLoad (47ms)
			ProcessInitializeOnLoadAttributes (217ms)
			ProcessInitializeOnLoadMethodAttributes (16ms)
			AfterProcessingInitializeOnLoad (2ms)
			EditorAssembliesLoaded (0ms)
		ExecutionOrderSort2 (0ms)
		AwakeInstancesAfterBackupRestoration (6ms)
Refreshing native plugins compatible for Editor in 2.63 ms, found 3 plugins.
Preloading 0 native plugins for Editor in 0.00 ms.
Unloading 3093 Unused Serialized files (Serialized files now loaded: 0)
Unloading 23 unused Assets / (31.1 KB). Loaded Objects now: 3607.
Memory consumption went from 127.4 MB to 127.4 MB.
Total: 18.732200 ms (FindLiveObjects: 0.214000 ms CreateObjectMapping: 0.076200 ms MarkObjects: 18.393500 ms  DeleteObjects: 0.047400 ms)

Prepare: number of updated asset objects reloaded= 0
AssetImportParameters requested are different than current active one (requested -> active):
  custom:scripting/monoscript/fileName/Board.cs: ffe6b5d445947efad3dda8fa2b0a2f88 -> 7c24e859fe522204ee0916c0a49bddbf
  custom:container-demuxer-ogg: 62fdf1f143b41e24485cea50d1cbac27 -> 
  custom:scripting/monoscript/fileName/IObjectTweener.cs: 84a7e2e0fba977df021a997686e06deb -> 09b75898669f92fc2e516cb4dcd01396
  custom:scripting/monoscript/fileName/InstantTweener.cs: b8f10a3ad7101fc0b69c0e601ea56b4e -> 274d331875f2e9bc4ad4252fcc1b5abc
  custom:video-decoder-ogg-theora: a1e56fd34408186e4bbccfd4996cb3dc -> 
  custom:framework-win-MediaFoundation: 216162199b28c13a410421893ffa2e32 -> 
  custom:scripting/monoscript/fileName/MaterialSetter.cs: 6da37f2811a1fddd5343b96cdabc419b -> 8b4f7137402b6052bde295e322ca4c8c
  custom:scripting/monoscript/fileName/SquareSelectorCreator.cs: 243e2b26f30ee7d396177f8479adf7ec -> bdb96c9db292854beca6d64a3ab7d96c
  custom:CustomObjectIndexerAttribute: 756ad292c208cfabdd7b50bc23989ffe -> 
  custom:container-demuxer-webm: 4f35f7cbe854078d1ac9338744f61a02 -> 
  custom:scripting/monoscript/fileName/Pawn.cs: d25b629dd07fd5cbf7e6307de1f7e665 -> 5138ce8ea5fbbaf09dd2e5247c2bd662
  custom:container-muxer-webm: aa71ff27fc2769a1b78a27578f13a17b -> 
  custom:video-decoder-webm-vp8: 9c59270c3fd7afecdb556c50c9e8de78 -> 
  custom:scripting/monoscript/fileName/ArcTweener.cs: a20cd869c5293f2795a55f79d76e4b61 -> d737a624e86a4acede31e678a6692358
  custom:SearchIndexIgnoredProperties: e643bd26f0fe6173181afceb89e7c659 -> 
  custom:AudioImporter_EditorPlatform: d09bf68614088b80899f8185d706f6e7 -> 
  custom:scripting/monoscript/fileName/Rook.cs: 2f2b7ed88ec315f6429b4b14c05426d9 -> facd266a75f4d6e1264693f3b1950919
  custom:scripting/monoscript/fileName/Bishop.cs: bee76ae3742ad7cd689823d4deebf57f -> ece8b889a798ea45b840bac00cae7c0e
  custom:scripting/monoscript/fileName/ChessGameController.cs: daece4cb13a1a309d7b0e195c53e05fd -> 0210827ffe718c7d857bcc899eee7943
  custom:video-encoder-webm-vp8: eb34c28f22e8b96e1ab97ce403110664 -> 
  custom:audio-decoder-ogg-vorbis: bf7c407c2cedff20999df2af8eb42d56 -> 
  custom:scripting/monoscript/fileName/Queen.cs: da73a665e6589ebcbc50c04396b59979 -> 4e24ad3e0eb20daf25ee0484583e6e5d
  custom:scripting/monoscript/fileName/Piece.cs: c43145177a7cf9a905d79b0d27041e47 -> 238aee5856321ce7d8540c82711f13a9
  custom:scripting/monoscript/fileName/BoardLayout.cs: 8a766edceab46d967b1b7a88fb7b7a58 -> cfef42cded70420a44a257c7740447b4
  custom:audio-encoder-webm-vorbis: bf7c407c2cedff20999df2af8eb42d56 -> 
  custom:scripting/monoscript/fileName/Knight.cs: b43b3ddf95f15527f3bbeea3fd8520ea -> 2341409d888a3f02322ae746692c07b7
  custom:scripting/monoscript/fileName/King.cs: 910bdae8683a51bf58ae073e6078d677 -> be1b705f232b125017874e03e7fe539a
  custom:scripting/monoscript/fileName/PieceCreator.cs: d60695d646ffce59d239f3f9e8c74230 -> 99e1d49159f1814e67a02ff088526e0c
  custom:scripting/monoscript/fileName/LineTweener.cs: f90d0350ff6bddba1c28f7e23388c101 -> 7a83efe8b7e07b1d8de2d98b577cf828
========================================================================
Received Prepare
Begin MonoManager ReloadAssembly
- Loaded All Assemblies, in  0.347 seconds
Refreshing native plugins compatible for Editor in 2.80 ms, found 3 plugins.
Native extension for WindowsStandalone target not found
[Package Manager] Server::EnsureServerProcessIsRunning -- launch failed, reason: Unity was launched with the -noUpm command-line argument
[Package Manager] UpmClient::Send -- Unable to send message (not connected to UPM process).
[Package Manager] Cannot connect to Unity Package Manager local server
Mono: successfully reloaded assembly
- Finished resetting the current domain, in  0.759 seconds
Domain Reload Profiling: 1106ms
	BeginReloadAssembly (145ms)
		ExecutionOrderSort (0ms)
		DisableScriptedObjects (4ms)
		BackupInstance (0ms)
		ReleaseScriptingObjects (0ms)
		CreateAndSetChildDomain (29ms)
	RebuildCommonClasses (26ms)
	RebuildNativeTypeToScriptingClass (8ms)
	initialDomainReloadingComplete (20ms)
	LoadAllAssembliesAndSetupDomain (147ms)
		LoadAssemblies (223ms)
		RebuildTransferFunctionScriptingTraits (0ms)
		AnalyzeDomain (10ms)
			TypeCache.Refresh (5ms)
				TypeCache.ScanAssembly (0ms)
			ScanForSourceGeneratedMonoScriptInfo (0ms)
			ResolveRequiredComponents (4ms)
	FinalizeReload (760ms)
		ReleaseScriptCaches (0ms)
		RebuildScriptCaches (0ms)
		SetupLoadedEditorAssemblies (316ms)
			LogAssemblyErrors (0ms)
			InitializePlatformSupportModulesInManaged (4ms)
			SetLoadedEditorAssemblies (4ms)
			RefreshPlugins (0ms)
			BeforeProcessingInitializeOnLoad (50ms)
			ProcessInitializeOnLoadAttributes (240ms)
			ProcessInitializeOnLoadMethodAttributes (17ms)
			AfterProcessingInitializeOnLoad (2ms)
			EditorAssembliesLoaded (0ms)
		ExecutionOrderSort2 (0ms)
		AwakeInstancesAfterBackupRestoration (7ms)
Refreshing native plugins compatible for Editor in 2.61 ms, found 3 plugins.
Preloading 0 native plugins for Editor in 0.00 ms.
Unloading 3094 Unused Serialized files (Serialized files now loaded: 0)
Unloading 23 unused Assets / (31.2 KB). Loaded Objects now: 3610.
Memory consumption went from 129.6 MB to 129.6 MB.
Total: 2.426700 ms (FindLiveObjects: 0.238200 ms CreateObjectMapping: 0.076900 ms MarkObjects: 2.070000 ms  DeleteObjects: 0.040800 ms)

Prepare: number of updated asset objects reloaded= 0
AssetImportParameters requested are different than current active one (requested -> active):
  custom:scripting/monoscript/fileName/Board.cs: ffe6b5d445947efad3dda8fa2b0a2f88 -> 7c24e859fe522204ee0916c0a49bddbf
  custom:container-demuxer-ogg: 62fdf1f143b41e24485cea50d1cbac27 -> 
  custom:scripting/monoscript/fileName/IObjectTweener.cs: 84a7e2e0fba977df021a997686e06deb -> 09b75898669f92fc2e516cb4dcd01396
  custom:scripting/monoscript/fileName/InstantTweener.cs: b8f10a3ad7101fc0b69c0e601ea56b4e -> 274d331875f2e9bc4ad4252fcc1b5abc
  custom:video-decoder-ogg-theora: a1e56fd34408186e4bbccfd4996cb3dc -> 
  custom:framework-win-MediaFoundation: 216162199b28c13a410421893ffa2e32 -> 
  custom:scripting/monoscript/fileName/MaterialSetter.cs: 6da37f2811a1fddd5343b96cdabc419b -> 8b4f7137402b6052bde295e322ca4c8c
  custom:scripting/monoscript/fileName/SquareSelectorCreator.cs: 243e2b26f30ee7d396177f8479adf7ec -> bdb96c9db292854beca6d64a3ab7d96c
  custom:CustomObjectIndexerAttribute: 756ad292c208cfabdd7b50bc23989ffe -> 
  custom:container-demuxer-webm: 4f35f7cbe854078d1ac9338744f61a02 -> 
  custom:scripting/monoscript/fileName/Pawn.cs: d25b629dd07fd5cbf7e6307de1f7e665 -> 5138ce8ea5fbbaf09dd2e5247c2bd662
  custom:container-muxer-webm: aa71ff27fc2769a1b78a27578f13a17b -> 
  custom:video-decoder-webm-vp8: 9c59270c3fd7afecdb556c50c9e8de78 -> 
  custom:scripting/monoscript/fileName/ArcTweener.cs: a20cd869c5293f2795a55f79d76e4b61 -> d737a624e86a4acede31e678a6692358
  custom:SearchIndexIgnoredProperties: e643bd26f0fe6173181afceb89e7c659 -> 
  custom:AudioImporter_EditorPlatform: d09bf68614088b80899f8185d706f6e7 -> 
  custom:scripting/monoscript/fileName/Rook.cs: 2f2b7ed88ec315f6429b4b14c05426d9 -> facd266a75f4d6e1264693f3b1950919
  custom:scripting/monoscript/fileName/Bishop.cs: bee76ae3742ad7cd689823d4deebf57f -> ece8b889a798ea45b840bac00cae7c0e
  custom:scripting/monoscript/fileName/ChessGameController.cs: daece4cb13a1a309d7b0e195c53e05fd -> 0210827ffe718c7d857bcc899eee7943
  custom:video-encoder-webm-vp8: eb34c28f22e8b96e1ab97ce403110664 -> 
  custom:audio-decoder-ogg-vorbis: bf7c407c2cedff20999df2af8eb42d56 -> 
  custom:scripting/monoscript/fileName/Queen.cs: da73a665e6589ebcbc50c04396b59979 -> 4e24ad3e0eb20daf25ee0484583e6e5d
  custom:scripting/monoscript/fileName/Piece.cs: c43145177a7cf9a905d79b0d27041e47 -> 238aee5856321ce7d8540c82711f13a9
  custom:scripting/monoscript/fileName/BoardLayout.cs: 8a766edceab46d967b1b7a88fb7b7a58 -> cfef42cded70420a44a257c7740447b4
  custom:audio-encoder-webm-vorbis: bf7c407c2cedff20999df2af8eb42d56 -> 
  custom:scripting/monoscript/fileName/Knight.cs: b43b3ddf95f15527f3bbeea3fd8520ea -> 2341409d888a3f02322ae746692c07b7
  custom:scripting/monoscript/fileName/King.cs: 910bdae8683a51bf58ae073e6078d677 -> be1b705f232b125017874e03e7fe539a
  custom:scripting/monoscript/fileName/PieceCreator.cs: d60695d646ffce59d239f3f9e8c74230 -> 99e1d49159f1814e67a02ff088526e0c
  custom:scripting/monoscript/fileName/LineTweener.cs: f90d0350ff6bddba1c28f7e23388c101 -> 7a83efe8b7e07b1d8de2d98b577cf828
========================================================================
Received Prepare
Begin MonoManager ReloadAssembly
- Loaded All Assemblies, in  0.350 seconds
Refreshing native plugins compatible for Editor in 2.65 ms, found 3 plugins.
Native extension for WindowsStandalone target not found
[Package Manager] Server::EnsureServerProcessIsRunning -- launch failed, reason: Unity was launched with the -noUpm command-line argument
[Package Manager] UpmClient::Send -- Unable to send message (not connected to UPM process).
[Package Manager] Cannot connect to Unity Package Manager local server
Mono: successfully reloaded assembly
- Finished resetting the current domain, in  0.763 seconds
Domain Reload Profiling: 1113ms
	BeginReloadAssembly (144ms)
		ExecutionOrderSort (0ms)
		DisableScriptedObjects (4ms)
		BackupInstance (0ms)
		ReleaseScriptingObjects (0ms)
		CreateAndSetChildDomain (28ms)
	RebuildCommonClasses (27ms)
	RebuildNativeTypeToScriptingClass (11ms)
	initialDomainReloadingComplete (20ms)
	LoadAllAssembliesAndSetupDomain (147ms)
		LoadAssemblies (223ms)
		RebuildTransferFunctionScriptingTraits (0ms)
		AnalyzeDomain (10ms)
			TypeCache.Refresh (5ms)
				TypeCache.ScanAssembly (0ms)
			ScanForSourceGeneratedMonoScriptInfo (0ms)
			ResolveRequiredComponents (3ms)
	FinalizeReload (764ms)
		ReleaseScriptCaches (0ms)
		RebuildScriptCaches (0ms)
		SetupLoadedEditorAssemblies (313ms)
			LogAssemblyErrors (0ms)
			InitializePlatformSupportModulesInManaged (4ms)
			SetLoadedEditorAssemblies (4ms)
			RefreshPlugins (0ms)
			BeforeProcessingInitializeOnLoad (47ms)
			ProcessInitializeOnLoadAttributes (239ms)
			ProcessInitializeOnLoadMethodAttributes (17ms)
			AfterProcessingInitializeOnLoad (2ms)
			EditorAssembliesLoaded (0ms)
		ExecutionOrderSort2 (0ms)
		AwakeInstancesAfterBackupRestoration (7ms)
Refreshing native plugins compatible for Editor in 2.68 ms, found 3 plugins.
Preloading 0 native plugins for Editor in 0.00 ms.
Unloading 3094 Unused Serialized files (Serialized files now loaded: 0)
Unloading 23 unused Assets / (31.1 KB). Loaded Objects now: 3613.
Memory consumption went from 131.5 MB to 131.5 MB.
Total: 2.428500 ms (FindLiveObjects: 0.222900 ms CreateObjectMapping: 0.075900 ms MarkObjects: 2.088400 ms  DeleteObjects: 0.040800 ms)

Prepare: number of updated asset objects reloaded= 0
AssetImportParameters requested are different than current active one (requested -> active):
  custom:scripting/monoscript/fileName/Board.cs: ffe6b5d445947efad3dda8fa2b0a2f88 -> 7c24e859fe522204ee0916c0a49bddbf
  custom:container-demuxer-ogg: 62fdf1f143b41e24485cea50d1cbac27 -> 
  custom:scripting/monoscript/fileName/IObjectTweener.cs: 84a7e2e0fba977df021a997686e06deb -> 09b75898669f92fc2e516cb4dcd01396
  custom:scripting/monoscript/fileName/InstantTweener.cs: b8f10a3ad7101fc0b69c0e601ea56b4e -> 274d331875f2e9bc4ad4252fcc1b5abc
  custom:video-decoder-ogg-theora: a1e56fd34408186e4bbccfd4996cb3dc -> 
  custom:framework-win-MediaFoundation: 216162199b28c13a410421893ffa2e32 -> 
  custom:scripting/monoscript/fileName/MaterialSetter.cs: 6da37f2811a1fddd5343b96cdabc419b -> 8b4f7137402b6052bde295e322ca4c8c
  custom:scripting/monoscript/fileName/SquareSelectorCreator.cs: 243e2b26f30ee7d396177f8479adf7ec -> bdb96c9db292854beca6d64a3ab7d96c
  custom:CustomObjectIndexerAttribute: 756ad292c208cfabdd7b50bc23989ffe -> 
  custom:container-demuxer-webm: 4f35f7cbe854078d1ac9338744f61a02 -> 
  custom:scripting/monoscript/fileName/Pawn.cs: d25b629dd07fd5cbf7e6307de1f7e665 -> 5138ce8ea5fbbaf09dd2e5247c2bd662
  custom:container-muxer-webm: aa71ff27fc2769a1b78a27578f13a17b -> 
  custom:video-decoder-webm-vp8: 9c59270c3fd7afecdb556c50c9e8de78 -> 
  custom:scripting/monoscript/fileName/ArcTweener.cs: a20cd869c5293f2795a55f79d76e4b61 -> d737a624e86a4acede31e678a6692358
  custom:SearchIndexIgnoredProperties: e643bd26f0fe6173181afceb89e7c659 -> 
  custom:AudioImporter_EditorPlatform: d09bf68614088b80899f8185d706f6e7 -> 
  custom:scripting/monoscript/fileName/Rook.cs: 2f2b7ed88ec315f6429b4b14c05426d9 -> facd266a75f4d6e1264693f3b1950919
  custom:scripting/monoscript/fileName/Bishop.cs: bee76ae3742ad7cd689823d4deebf57f -> ece8b889a798ea45b840bac00cae7c0e
  custom:scripting/monoscript/fileName/ChessGameController.cs: daece4cb13a1a309d7b0e195c53e05fd -> 0210827ffe718c7d857bcc899eee7943
  custom:video-encoder-webm-vp8: eb34c28f22e8b96e1ab97ce403110664 -> 
  custom:audio-decoder-ogg-vorbis: bf7c407c2cedff20999df2af8eb42d56 -> 
  custom:scripting/monoscript/fileName/Queen.cs: da73a665e6589ebcbc50c04396b59979 -> 4e24ad3e0eb20daf25ee0484583e6e5d
  custom:scripting/monoscript/fileName/Piece.cs: c43145177a7cf9a905d79b0d27041e47 -> 238aee5856321ce7d8540c82711f13a9
  custom:scripting/monoscript/fileName/BoardLayout.cs: 8a766edceab46d967b1b7a88fb7b7a58 -> cfef42cded70420a44a257c7740447b4
  custom:audio-encoder-webm-vorbis: bf7c407c2cedff20999df2af8eb42d56 -> 
  custom:scripting/monoscript/fileName/Knight.cs: b43b3ddf95f15527f3bbeea3fd8520ea -> 2341409d888a3f02322ae746692c07b7
  custom:scripting/monoscript/fileName/King.cs: 910bdae8683a51bf58ae073e6078d677 -> be1b705f232b125017874e03e7fe539a
  custom:scripting/monoscript/fileName/PieceCreator.cs: d60695d646ffce59d239f3f9e8c74230 -> 99e1d49159f1814e67a02ff088526e0c
  custom:scripting/monoscript/fileName/LineTweener.cs: f90d0350ff6bddba1c28f7e23388c101 -> 7a83efe8b7e07b1d8de2d98b577cf828
========================================================================
Received Prepare
Begin MonoManager ReloadAssembly
- Loaded All Assemblies, in  0.359 seconds
Refreshing native plugins compatible for Editor in 2.74 ms, found 3 plugins.
Native extension for WindowsStandalone target not found
[Package Manager] Server::EnsureServerProcessIsRunning -- launch failed, reason: Unity was launched with the -noUpm command-line argument
[Package Manager] UpmClient::Send -- Unable to send message (not connected to UPM process).
[Package Manager] Cannot connect to Unity Package Manager local server
Mono: successfully reloaded assembly
- Finished resetting the current domain, in  0.781 seconds
Domain Reload Profiling: 1140ms
	BeginReloadAssembly (146ms)
		ExecutionOrderSort (0ms)
		DisableScriptedObjects (5ms)
		BackupInstance (0ms)
		ReleaseScriptingObjects (0ms)
		CreateAndSetChildDomain (30ms)
	RebuildCommonClasses (32ms)
	RebuildNativeTypeToScriptingClass (8ms)
	initialDomainReloadingComplete (21ms)
	LoadAllAssembliesAndSetupDomain (152ms)
		LoadAssemblies (226ms)
		RebuildTransferFunctionScriptingTraits (0ms)
		AnalyzeDomain (11ms)
			TypeCache.Refresh (5ms)
				TypeCache.ScanAssembly (0ms)
			ScanForSourceGeneratedMonoScriptInfo (0ms)
			ResolveRequiredComponents (4ms)
	FinalizeReload (782ms)
		ReleaseScriptCaches (0ms)
		RebuildScriptCaches (0ms)
		SetupLoadedEditorAssemblies (325ms)
			LogAssemblyErrors (0ms)
			InitializePlatformSupportModulesInManaged (4ms)
			SetLoadedEditorAssemblies (4ms)
			RefreshPlugins (0ms)
			BeforeProcessingInitializeOnLoad (48ms)
			ProcessInitializeOnLoadAttributes (249ms)
			ProcessInitializeOnLoadMethodAttributes (18ms)
			AfterProcessingInitializeOnLoad (2ms)
			EditorAssembliesLoaded (0ms)
		ExecutionOrderSort2 (0ms)
		AwakeInstancesAfterBackupRestoration (8ms)
Refreshing native plugins compatible for Editor in 2.56 ms, found 3 plugins.
Preloading 0 native plugins for Editor in 0.00 ms.
Unloading 3094 Unused Serialized files (Serialized files now loaded: 0)
Unloading 23 unused Assets / (31.2 KB). Loaded Objects now: 3616.
Memory consumption went from 133.5 MB to 133.4 MB.
Total: 3.162200 ms (FindLiveObjects: 0.245300 ms CreateObjectMapping: 0.136000 ms MarkObjects: 2.737700 ms  DeleteObjects: 0.042600 ms)

Prepare: number of updated asset objects reloaded= 0
AssetImportParameters requested are different than current active one (requested -> active):
  custom:scripting/monoscript/fileName/Board.cs: ffe6b5d445947efad3dda8fa2b0a2f88 -> 7c24e859fe522204ee0916c0a49bddbf
  custom:container-demuxer-ogg: 62fdf1f143b41e24485cea50d1cbac27 -> 
  custom:scripting/monoscript/fileName/IObjectTweener.cs: 84a7e2e0fba977df021a997686e06deb -> 09b75898669f92fc2e516cb4dcd01396
  custom:scripting/monoscript/fileName/InstantTweener.cs: b8f10a3ad7101fc0b69c0e601ea56b4e -> 274d331875f2e9bc4ad4252fcc1b5abc
  custom:video-decoder-ogg-theora: a1e56fd34408186e4bbccfd4996cb3dc -> 
  custom:framework-win-MediaFoundation: 216162199b28c13a410421893ffa2e32 -> 
  custom:scripting/monoscript/fileName/MaterialSetter.cs: 6da37f2811a1fddd5343b96cdabc419b -> 8b4f7137402b6052bde295e322ca4c8c
  custom:scripting/monoscript/fileName/SquareSelectorCreator.cs: 243e2b26f30ee7d396177f8479adf7ec -> bdb96c9db292854beca6d64a3ab7d96c
  custom:CustomObjectIndexerAttribute: 756ad292c208cfabdd7b50bc23989ffe -> 
  custom:container-demuxer-webm: 4f35f7cbe854078d1ac9338744f61a02 -> 
  custom:scripting/monoscript/fileName/Pawn.cs: d25b629dd07fd5cbf7e6307de1f7e665 -> 5138ce8ea5fbbaf09dd2e5247c2bd662
  custom:container-muxer-webm: aa71ff27fc2769a1b78a27578f13a17b -> 
  custom:video-decoder-webm-vp8: 9c59270c3fd7afecdb556c50c9e8de78 -> 
  custom:scripting/monoscript/fileName/ArcTweener.cs: a20cd869c5293f2795a55f79d76e4b61 -> d737a624e86a4acede31e678a6692358
  custom:SearchIndexIgnoredProperties: e643bd26f0fe6173181afceb89e7c659 -> 
  custom:AudioImporter_EditorPlatform: d09bf68614088b80899f8185d706f6e7 -> 
  custom:scripting/monoscript/fileName/Rook.cs: 2f2b7ed88ec315f6429b4b14c05426d9 -> facd266a75f4d6e1264693f3b1950919
  custom:scripting/monoscript/fileName/Bishop.cs: bee76ae3742ad7cd689823d4deebf57f -> ece8b889a798ea45b840bac00cae7c0e
  custom:scripting/monoscript/fileName/ChessGameController.cs: daece4cb13a1a309d7b0e195c53e05fd -> 0210827ffe718c7d857bcc899eee7943
  custom:video-encoder-webm-vp8: eb34c28f22e8b96e1ab97ce403110664 -> 
  custom:audio-decoder-ogg-vorbis: bf7c407c2cedff20999df2af8eb42d56 -> 
  custom:scripting/monoscript/fileName/Queen.cs: da73a665e6589ebcbc50c04396b59979 -> 4e24ad3e0eb20daf25ee0484583e6e5d
  custom:scripting/monoscript/fileName/Piece.cs: c43145177a7cf9a905d79b0d27041e47 -> 238aee5856321ce7d8540c82711f13a9
  custom:scripting/monoscript/fileName/BoardLayout.cs: 8a766edceab46d967b1b7a88fb7b7a58 -> cfef42cded70420a44a257c7740447b4
  custom:audio-encoder-webm-vorbis: bf7c407c2cedff20999df2af8eb42d56 -> 
  custom:scripting/monoscript/fileName/Knight.cs: b43b3ddf95f15527f3bbeea3fd8520ea -> 2341409d888a3f02322ae746692c07b7
  custom:scripting/monoscript/fileName/King.cs: 910bdae8683a51bf58ae073e6078d677 -> be1b705f232b125017874e03e7fe539a
  custom:scripting/monoscript/fileName/PieceCreator.cs: d60695d646ffce59d239f3f9e8c74230 -> 99e1d49159f1814e67a02ff088526e0c
  custom:scripting/monoscript/fileName/LineTweener.cs: f90d0350ff6bddba1c28f7e23388c101 -> 7a83efe8b7e07b1d8de2d98b577cf828
========================================================================
Received Prepare
Begin MonoManager ReloadAssembly
- Loaded All Assemblies, in  0.346 seconds
Refreshing native plugins compatible for Editor in 2.54 ms, found 3 plugins.
Native extension for WindowsStandalone target not found
[Package Manager] Server::EnsureServerProcessIsRunning -- launch failed, reason: Unity was launched with the -noUpm command-line argument
[Package Manager] UpmClient::Send -- Unable to send message (not connected to UPM process).
[Package Manager] Cannot connect to Unity Package Manager local server
Mono: successfully reloaded assembly
- Finished resetting the current domain, in  0.775 seconds
Domain Reload Profiling: 1121ms
	BeginReloadAssembly (150ms)
		ExecutionOrderSort (0ms)
		DisableScriptedObjects (4ms)
		BackupInstance (0ms)
		ReleaseScriptingObjects (0ms)
		CreateAndSetChildDomain (30ms)
	RebuildCommonClasses (25ms)
	RebuildNativeTypeToScriptingClass (8ms)
	initialDomainReloadingComplete (20ms)
	LoadAllAssembliesAndSetupDomain (143ms)
		LoadAssemblies (225ms)
		RebuildTransferFunctionScriptingTraits (0ms)
		AnalyzeDomain (9ms)
			TypeCache.Refresh (4ms)
				TypeCache.ScanAssembly (0ms)
			ScanForSourceGeneratedMonoScriptInfo (0ms)
			ResolveRequiredComponents (3ms)
	FinalizeReload (775ms)
		ReleaseScriptCaches (0ms)
		RebuildScriptCaches (0ms)
		SetupLoadedEditorAssemblies (319ms)
			LogAssemblyErrors (0ms)
			InitializePlatformSupportModulesInManaged (4ms)
			SetLoadedEditorAssemblies (3ms)
			RefreshPlugins (0ms)
			BeforeProcessingInitializeOnLoad (46ms)
			ProcessInitializeOnLoadAttributes (245ms)
			ProcessInitializeOnLoadMethodAttributes (18ms)
			AfterProcessingInitializeOnLoad (2ms)
			EditorAssembliesLoaded (0ms)
		ExecutionOrderSort2 (0ms)
		AwakeInstancesAfterBackupRestoration (7ms)
Refreshing native plugins compatible for Editor in 3.27 ms, found 3 plugins.
Preloading 0 native plugins for Editor in 0.00 ms.
Unloading 3094 Unused Serialized files (Serialized files now loaded: 0)
Unloading 23 unused Assets / (31.2 KB). Loaded Objects now: 3619.
Memory consumption went from 135.4 MB to 135.4 MB.
Total: 2.690200 ms (FindLiveObjects: 0.266200 ms CreateObjectMapping: 0.164300 ms MarkObjects: 2.216100 ms  DeleteObjects: 0.042900 ms)

Prepare: number of updated asset objects reloaded= 0
AssetImportParameters requested are different than current active one (requested -> active):
  custom:scripting/monoscript/fileName/Board.cs: ffe6b5d445947efad3dda8fa2b0a2f88 -> 7c24e859fe522204ee0916c0a49bddbf
  custom:container-demuxer-ogg: 62fdf1f143b41e24485cea50d1cbac27 -> 
  custom:scripting/monoscript/fileName/IObjectTweener.cs: 84a7e2e0fba977df021a997686e06deb -> 09b75898669f92fc2e516cb4dcd01396
  custom:scripting/monoscript/fileName/InstantTweener.cs: b8f10a3ad7101fc0b69c0e601ea56b4e -> 274d331875f2e9bc4ad4252fcc1b5abc
  custom:video-decoder-ogg-theora: a1e56fd34408186e4bbccfd4996cb3dc -> 
  custom:framework-win-MediaFoundation: 216162199b28c13a410421893ffa2e32 -> 
  custom:scripting/monoscript/fileName/MaterialSetter.cs: 6da37f2811a1fddd5343b96cdabc419b -> 8b4f7137402b6052bde295e322ca4c8c
  custom:scripting/monoscript/fileName/SquareSelectorCreator.cs: 243e2b26f30ee7d396177f8479adf7ec -> bdb96c9db292854beca6d64a3ab7d96c
  custom:CustomObjectIndexerAttribute: 756ad292c208cfabdd7b50bc23989ffe -> 
  custom:container-demuxer-webm: 4f35f7cbe854078d1ac9338744f61a02 -> 
  custom:scripting/monoscript/fileName/Pawn.cs: d25b629dd07fd5cbf7e6307de1f7e665 -> 5138ce8ea5fbbaf09dd2e5247c2bd662
  custom:container-muxer-webm: aa71ff27fc2769a1b78a27578f13a17b -> 
  custom:video-decoder-webm-vp8: 9c59270c3fd7afecdb556c50c9e8de78 -> 
  custom:scripting/monoscript/fileName/ArcTweener.cs: a20cd869c5293f2795a55f79d76e4b61 -> d737a624e86a4acede31e678a6692358
  custom:SearchIndexIgnoredProperties: e643bd26f0fe6173181afceb89e7c659 -> 
  custom:AudioImporter_EditorPlatform: d09bf68614088b80899f8185d706f6e7 -> 
  custom:scripting/monoscript/fileName/Rook.cs: 2f2b7ed88ec315f6429b4b14c05426d9 -> facd266a75f4d6e1264693f3b1950919
  custom:scripting/monoscript/fileName/Bishop.cs: bee76ae3742ad7cd689823d4deebf57f -> ece8b889a798ea45b840bac00cae7c0e
  custom:scripting/monoscript/fileName/ChessGameController.cs: daece4cb13a1a309d7b0e195c53e05fd -> 0210827ffe718c7d857bcc899eee7943
  custom:video-encoder-webm-vp8: eb34c28f22e8b96e1ab97ce403110664 -> 
  custom:audio-decoder-ogg-vorbis: bf7c407c2cedff20999df2af8eb42d56 -> 
  custom:scripting/monoscript/fileName/Queen.cs: da73a665e6589ebcbc50c04396b59979 -> 4e24ad3e0eb20daf25ee0484583e6e5d
  custom:scripting/monoscript/fileName/Piece.cs: c43145177a7cf9a905d79b0d27041e47 -> 238aee5856321ce7d8540c82711f13a9
  custom:scripting/monoscript/fileName/BoardLayout.cs: 8a766edceab46d967b1b7a88fb7b7a58 -> cfef42cded70420a44a257c7740447b4
  custom:audio-encoder-webm-vorbis: bf7c407c2cedff20999df2af8eb42d56 -> 
  custom:scripting/monoscript/fileName/Knight.cs: b43b3ddf95f15527f3bbeea3fd8520ea -> 2341409d888a3f02322ae746692c07b7
  custom:scripting/monoscript/fileName/King.cs: 910bdae8683a51bf58ae073e6078d677 -> be1b705f232b125017874e03e7fe539a
  custom:scripting/monoscript/fileName/PieceCreator.cs: d60695d646ffce59d239f3f9e8c74230 -> 99e1d49159f1814e67a02ff088526e0c
  custom:scripting/monoscript/fileName/LineTweener.cs: f90d0350ff6bddba1c28f7e23388c101 -> 7a83efe8b7e07b1d8de2d98b577cf828
